This file contains any messages produced by compilers while
running configure, to aid debugging if configure makes a mistake.

It was created by configure, which was
generated by GNU Autoconf 2.67.  Invocation command line was

  $ ./configure --host=armv7-unknown-linux

## --------- ##
## Platform. ##
## --------- ##

hostname = indal-pc
uname -m = x86_64
uname -r = 3.0.0-15-generic
uname -s = Linux
uname -v = #26-Ubuntu SMP Fri Jan 20 17:23:00 UTC 2012

/usr/bin/uname -p = unknown
/bin/uname -X     = unknown

/bin/arch              = unknown
/usr/bin/arch -k       = unknown
/usr/convex/getsysinfo = unknown
/usr/bin/hostinfo      = unknown
/bin/machine           = unknown
/usr/bin/oslevel       = unknown
/bin/universe          = unknown

PATH: /home/indal.choi/bin
PATH: /usr/lib/lightdm/lightdm
PATH: /usr/local/sbin
PATH: /usr/local/bin
PATH: /usr/sbin
PATH: /usr/bin
PATH: /sbin
PATH: /bin
PATH: /usr/games
PATH: /home/indal.choi/bin
PATH: /home/indal.choi/bin/android-sdk-linux/platform-tools
PATH: /home/indal.choi/bin/android-sdk-linux/tools
PATH: /home/indal.choi/t32/bin/pc_linux64
PATH: /usr/local/bin


## ----------- ##
## Core tests. ##
## ----------- ##

configure:2393: checking whether make sets $(MAKE)
configure:2415: result: yes
configure:2432: checking for armv7-unknown-linux-gcc
configure:2459: result: /home/indal.choi/bin/android-ndk-r7/toolchains/arm-linux-androideabi-4.4.3/prebuilt/linux-x86/bin/arm-linux-androideabi-gcc
configure:2728: checking for C compiler version
configure:2737: /home/indal.choi/bin/android-ndk-r7/toolchains/arm-linux-androideabi-4.4.3/prebuilt/linux-x86/bin/arm-linux-androideabi-gcc --version >&5
arm-linux-androideabi-gcc (GCC) 4.4.3
Copyright (C) 2009 Free Software Foundation, Inc.
This is free software; see the source for copying conditions.  There is NO
warranty; not even for MERCHANTABILITY or FITNESS FOR A PARTICULAR PURPOSE.

configure:2748: $? = 0
configure:2737: /home/indal.choi/bin/android-ndk-r7/toolchains/arm-linux-androideabi-4.4.3/prebuilt/linux-x86/bin/arm-linux-androideabi-gcc -v >&5
Using built-in specs.
Target: arm-linux-androideabi
Configured with: /tmp/ndk-digit/src/build/../gcc/gcc-4.4.3/configure --prefix=/usr/local/google/digit/repo/opensource/ndk/toolchains/arm-linux-androideabi-4.4.3/prebuilt/linux-x86 --target=arm-linux-androideabi --host=x86_64-linux-gnu --build=x86_64-linux-gnu --with-gnu-as --with-gnu-ld --enable-languages=c,c++ --with-gmp=/tmp/ndk-digit/build/toolchain/temp-install --with-mpfr=/tmp/ndk-digit/build/toolchain/temp-install --disable-libssp --enable-threads --disable-nls --disable-libmudflap --disable-libgomp --disable-libstdc__-v3 --disable-sjlj-exceptions --disable-shared --disable-tls --with-float=soft --with-fpu=vfp --with-arch=armv5te --enable-target-optspace --enable-initfini-array --disable-nls --prefix=/usr/local/google/digit/repo/opensource/ndk/toolchains/arm-linux-androideabi-4.4.3/prebuilt/linux-x86 --with-sysroot=/usr/local/google/digit/repo/opensource/ndk/toolchains/arm-linux-androideabi-4.4.3/prebuilt/linux-x86/sysroot --with-binutils-version=2.20.1 --with-mpfr-version=2.4.1 --with-gmp-version=4.2.4 --with-gcc-version=4.4.3 --with-gdb-version=6.6 --with-arch=armv5te --program-transform-name='s,^,arm-linux-androideabi-,'
Thread model: posix
gcc version 4.4.3 (GCC) 
configure:2748: $? = 0
configure:2737: /home/indal.choi/bin/android-ndk-r7/toolchains/arm-linux-androideabi-4.4.3/prebuilt/linux-x86/bin/arm-linux-androideabi-gcc -V >&5
arm-linux-androideabi-gcc: '-V' option must have argument
configure:2748: $? = 1
configure:2737: /home/indal.choi/bin/android-ndk-r7/toolchains/arm-linux-androideabi-4.4.3/prebuilt/linux-x86/bin/arm-linux-androideabi-gcc -qversion >&5
arm-linux-androideabi-gcc: unrecognized option '-qversion'
arm-linux-androideabi-gcc: no input files
configure:2748: $? = 1
configure:2768: checking whether the C compiler works
configure:2790: /home/indal.choi/bin/android-ndk-r7/toolchains/arm-linux-androideabi-4.4.3/prebuilt/linux-x86/bin/arm-linux-androideabi-gcc --sysroot=/home/indal.choi/bin/android-ndk-r7/platforms/android-9/arch-arm --sysroot=/home/indal.choi/bin/android-ndk-r7/platforms/android-9/arch-arm  conftest.c  >&5
configure:2794: $? = 0
configure:2842: result: yes
configure:2845: checking for C compiler default output file name
configure:2847: result: a.out
configure:2853: checking for suffix of executables
configure:2860: /home/indal.choi/bin/android-ndk-r7/toolchains/arm-linux-androideabi-4.4.3/prebuilt/linux-x86/bin/arm-linux-androideabi-gcc -o conftest --sysroot=/home/indal.choi/bin/android-ndk-r7/platforms/android-9/arch-arm --sysroot=/home/indal.choi/bin/android-ndk-r7/platforms/android-9/arch-arm  conftest.c  >&5
configure:2864: $? = 0
configure:2886: result: 
configure:2908: checking whether we are cross compiling
configure:2916: /home/indal.choi/bin/android-ndk-r7/toolchains/arm-linux-androideabi-4.4.3/prebuilt/linux-x86/bin/arm-linux-androideabi-gcc -o conftest --sysroot=/home/indal.choi/bin/android-ndk-r7/platforms/android-9/arch-arm --sysroot=/home/indal.choi/bin/android-ndk-r7/platforms/android-9/arch-arm  conftest.c  >&5
configure:2920: $? = 0
configure:2927: ./conftest
./configure: line 2929: ./conftest: cannot execute binary file
configure:2931: $? = 126
configure:2946: result: yes
configure:2951: checking for suffix of object files
configure:2973: /home/indal.choi/bin/android-ndk-r7/toolchains/arm-linux-androideabi-4.4.3/prebuilt/linux-x86/bin/arm-linux-androideabi-gcc -c --sysroot=/home/indal.choi/bin/android-ndk-r7/platforms/android-9/arch-arm --sysroot=/home/indal.choi/bin/android-ndk-r7/platforms/android-9/arch-arm conftest.c >&5
configure:2977: $? = 0
configure:2998: result: o
configure:3002: checking whether we are using the GNU C compiler
configure:3021: /home/indal.choi/bin/android-ndk-r7/toolchains/arm-linux-androideabi-4.4.3/prebuilt/linux-x86/bin/arm-linux-androideabi-gcc -c --sysroot=/home/indal.choi/bin/android-ndk-r7/platforms/android-9/arch-arm --sysroot=/home/indal.choi/bin/android-ndk-r7/platforms/android-9/arch-arm conftest.c >&5
configure:3021: $? = 0
configure:3030: result: yes
configure:3039: checking whether /home/indal.choi/bin/android-ndk-r7/toolchains/arm-linux-androideabi-4.4.3/prebuilt/linux-x86/bin/arm-linux-androideabi-gcc accepts -g
configure:3059: /home/indal.choi/bin/android-ndk-r7/toolchains/arm-linux-androideabi-4.4.3/prebuilt/linux-x86/bin/arm-linux-androideabi-gcc -c -g --sysroot=/home/indal.choi/bin/android-ndk-r7/platforms/android-9/arch-arm conftest.c >&5
configure:3059: $? = 0
configure:3100: result: yes
configure:3117: checking for /home/indal.choi/bin/android-ndk-r7/toolchains/arm-linux-androideabi-4.4.3/prebuilt/linux-x86/bin/arm-linux-androideabi-gcc option to accept ISO C89
configure:3181: /home/indal.choi/bin/android-ndk-r7/toolchains/arm-linux-androideabi-4.4.3/prebuilt/linux-x86/bin/arm-linux-androideabi-gcc  -c --sysroot=/home/indal.choi/bin/android-ndk-r7/platforms/android-9/arch-arm --sysroot=/home/indal.choi/bin/android-ndk-r7/platforms/android-9/arch-arm conftest.c >&5
configure:3181: $? = 0
configure:3194: result: none needed
configure:3219: checking how to run the C preprocessor
configure:3250: /home/indal.choi/bin/android-ndk-r7/toolchains/arm-linux-androideabi-4.4.3/prebuilt/linux-x86/bin/arm-linux-androideabi-gcc -E --sysroot=/home/indal.choi/bin/android-ndk-r7/platforms/android-9/arch-arm conftest.c
configure:3250: $? = 0
configure:3264: /home/indal.choi/bin/android-ndk-r7/toolchains/arm-linux-androideabi-4.4.3/prebuilt/linux-x86/bin/arm-linux-androideabi-gcc -E --sysroot=/home/indal.choi/bin/android-ndk-r7/platforms/android-9/arch-arm conftest.c
conftest.c:9:28: error: ac_nonexistent.h: No such file or directory
configure:3264: $? = 1
configure: failed program was:
| /* confdefs.h */
| #define PACKAGE_NAME ""
| #define PACKAGE_TARNAME ""
| #define PACKAGE_VERSION ""
| #define PACKAGE_STRING ""
| #define PACKAGE_BUGREPORT ""
| #define PACKAGE_URL ""
| /* end confdefs.h.  */
| #include <ac_nonexistent.h>
configure:3289: result: /home/indal.choi/bin/android-ndk-r7/toolchains/arm-linux-androideabi-4.4.3/prebuilt/linux-x86/bin/arm-linux-androideabi-gcc -E
configure:3309: /home/indal.choi/bin/android-ndk-r7/toolchains/arm-linux-androideabi-4.4.3/prebuilt/linux-x86/bin/arm-linux-androideabi-gcc -E --sysroot=/home/indal.choi/bin/android-ndk-r7/platforms/android-9/arch-arm conftest.c
configure:3309: $? = 0
configure:3323: /home/indal.choi/bin/android-ndk-r7/toolchains/arm-linux-androideabi-4.4.3/prebuilt/linux-x86/bin/arm-linux-androideabi-gcc -E --sysroot=/home/indal.choi/bin/android-ndk-r7/platforms/android-9/arch-arm conftest.c
conftest.c:9:28: error: ac_nonexistent.h: No such file or directory
configure:3323: $? = 1
configure: failed program was:
| /* confdefs.h */
| #define PACKAGE_NAME ""
| #define PACKAGE_TARNAME ""
| #define PACKAGE_VERSION ""
| #define PACKAGE_STRING ""
| #define PACKAGE_BUGREPORT ""
| #define PACKAGE_URL ""
| /* end confdefs.h.  */
| #include <ac_nonexistent.h>
configure:3394: checking for a BSD-compatible install
configure:3462: result: /usr/bin/install -c
configure:3476: checking for armv7-unknown-linux-ranlib
configure:3506: result: no
configure:3516: checking for ranlib
configure:3532: found /usr/bin/ranlib
configure:3543: result: ranlib
configure:3555: WARNING: using cross tools not prefixed with host triplet
configure:3565: checking whether ln -s works
configure:3569: result: yes
configure:3580: checking for grep that handles long lines and -e
configure:3638: result: /bin/grep
configure:3643: checking for egrep
configure:3705: result: /bin/grep -E
configure:3710: checking for ANSI C header files
configure:3730: /home/indal.choi/bin/android-ndk-r7/toolchains/arm-linux-androideabi-4.4.3/prebuilt/linux-x86/bin/arm-linux-androideabi-gcc -c --sysroot=/home/indal.choi/bin/android-ndk-r7/platforms/android-9/arch-arm --sysroot=/home/indal.choi/bin/android-ndk-r7/platforms/android-9/arch-arm conftest.c >&5
configure:3730: $? = 0
configure:3814: result: yes
configure:3827: checking for sys/types.h
configure:3827: /home/indal.choi/bin/android-ndk-r7/toolchains/arm-linux-androideabi-4.4.3/prebuilt/linux-x86/bin/arm-linux-androideabi-gcc -c --sysroot=/home/indal.choi/bin/android-ndk-r7/platforms/android-9/arch-arm --sysroot=/home/indal.choi/bin/android-ndk-r7/platforms/android-9/arch-arm conftest.c >&5
configure:3827: $? = 0
configure:3827: result: yes
configure:3827: checking for sys/stat.h
configure:3827: /home/indal.choi/bin/android-ndk-r7/toolchains/arm-linux-androideabi-4.4.3/prebuilt/linux-x86/bin/arm-linux-androideabi-gcc -c --sysroot=/home/indal.choi/bin/android-ndk-r7/platforms/android-9/arch-arm --sysroot=/home/indal.choi/bin/android-ndk-r7/platforms/android-9/arch-arm conftest.c >&5
configure:3827: $? = 0
configure:3827: result: yes
configure:3827: checking for stdlib.h
configure:3827: /home/indal.choi/bin/android-ndk-r7/toolchains/arm-linux-androideabi-4.4.3/prebuilt/linux-x86/bin/arm-linux-androideabi-gcc -c --sysroot=/home/indal.choi/bin/android-ndk-r7/platforms/android-9/arch-arm --sysroot=/home/indal.choi/bin/android-ndk-r7/platforms/android-9/arch-arm conftest.c >&5
configure:3827: $? = 0
configure:3827: result: yes
configure:3827: checking for string.h
configure:3827: /home/indal.choi/bin/android-ndk-r7/toolchains/arm-linux-androideabi-4.4.3/prebuilt/linux-x86/bin/arm-linux-androideabi-gcc -c --sysroot=/home/indal.choi/bin/android-ndk-r7/platforms/android-9/arch-arm --sysroot=/home/indal.choi/bin/android-ndk-r7/platforms/android-9/arch-arm conftest.c >&5
configure:3827: $? = 0
configure:3827: result: yes
configure:3827: checking for memory.h
configure:3827: /home/indal.choi/bin/android-ndk-r7/toolchains/arm-linux-androideabi-4.4.3/prebuilt/linux-x86/bin/arm-linux-androideabi-gcc -c --sysroot=/home/indal.choi/bin/android-ndk-r7/platforms/android-9/arch-arm --sysroot=/home/indal.choi/bin/android-ndk-r7/platforms/android-9/arch-arm conftest.c >&5
configure:3827: $? = 0
configure:3827: result: yes
configure:3827: checking for strings.h
configure:3827: /home/indal.choi/bin/android-ndk-r7/toolchains/arm-linux-androideabi-4.4.3/prebuilt/linux-x86/bin/arm-linux-androideabi-gcc -c --sysroot=/home/indal.choi/bin/android-ndk-r7/platforms/android-9/arch-arm --sysroot=/home/indal.choi/bin/android-ndk-r7/platforms/android-9/arch-arm conftest.c >&5
configure:3827: $? = 0
configure:3827: result: yes
configure:3827: checking for inttypes.h
configure:3827: /home/indal.choi/bin/android-ndk-r7/toolchains/arm-linux-androideabi-4.4.3/prebuilt/linux-x86/bin/arm-linux-androideabi-gcc -c --sysroot=/home/indal.choi/bin/android-ndk-r7/platforms/android-9/arch-arm --sysroot=/home/indal.choi/bin/android-ndk-r7/platforms/android-9/arch-arm conftest.c >&5
configure:3827: $? = 0
configure:3827: result: yes
configure:3827: checking for stdint.h
configure:3827: /home/indal.choi/bin/android-ndk-r7/toolchains/arm-linux-androideabi-4.4.3/prebuilt/linux-x86/bin/arm-linux-androideabi-gcc -c --sysroot=/home/indal.choi/bin/android-ndk-r7/platforms/android-9/arch-arm --sysroot=/home/indal.choi/bin/android-ndk-r7/platforms/android-9/arch-arm conftest.c >&5
configure:3827: $? = 0
configure:3827: result: yes
configure:3827: checking for unistd.h
configure:3827: /home/indal.choi/bin/android-ndk-r7/toolchains/arm-linux-androideabi-4.4.3/prebuilt/linux-x86/bin/arm-linux-androideabi-gcc -c --sysroot=/home/indal.choi/bin/android-ndk-r7/platforms/android-9/arch-arm --sysroot=/home/indal.choi/bin/android-ndk-r7/platforms/android-9/arch-arm conftest.c >&5
configure:3827: $? = 0
configure:3827: result: yes
configure:3842: checking for unistd.h
configure:3842: result: yes
configure:3842: checking for stdint.h
configure:3842: result: yes
configure:3842: checking fcntl.h usability
configure:3842: /home/indal.choi/bin/android-ndk-r7/toolchains/arm-linux-androideabi-4.4.3/prebuilt/linux-x86/bin/arm-linux-androideabi-gcc -c --sysroot=/home/indal.choi/bin/android-ndk-r7/platforms/android-9/arch-arm --sysroot=/home/indal.choi/bin/android-ndk-r7/platforms/android-9/arch-arm conftest.c >&5
configure:3842: $? = 0
configure:3842: result: yes
configure:3842: checking fcntl.h presence
configure:3842: /home/indal.choi/bin/android-ndk-r7/toolchains/arm-linux-androideabi-4.4.3/prebuilt/linux-x86/bin/arm-linux-androideabi-gcc -E --sysroot=/home/indal.choi/bin/android-ndk-r7/platforms/android-9/arch-arm conftest.c
configure:3842: $? = 0
configure:3842: result: yes
configure:3842: checking for fcntl.h
configure:3842: result: yes
configure:3855: checking elf.h usability
configure:3855: /home/indal.choi/bin/android-ndk-r7/toolchains/arm-linux-androideabi-4.4.3/prebuilt/linux-x86/bin/arm-linux-androideabi-gcc -c --sysroot=/home/indal.choi/bin/android-ndk-r7/platforms/android-9/arch-arm --sysroot=/home/indal.choi/bin/android-ndk-r7/platforms/android-9/arch-arm conftest.c >&5
configure:3855: $? = 0
configure:3855: result: yes
configure:3855: checking elf.h presence
configure:3855: /home/indal.choi/bin/android-ndk-r7/toolchains/arm-linux-androideabi-4.4.3/prebuilt/linux-x86/bin/arm-linux-androideabi-gcc -E --sysroot=/home/indal.choi/bin/android-ndk-r7/platforms/android-9/arch-arm conftest.c
configure:3855: $? = 0
configure:3855: result: yes
configure:3855: checking for elf.h
configure:3855: result: yes
configure:3855: checking sys/elf.h usability
configure:3855: /home/indal.choi/bin/android-ndk-r7/toolchains/arm-linux-androideabi-4.4.3/prebuilt/linux-x86/bin/arm-linux-androideabi-gcc -c --sysroot=/home/indal.choi/bin/android-ndk-r7/platforms/android-9/arch-arm --sysroot=/home/indal.choi/bin/android-ndk-r7/platforms/android-9/arch-arm conftest.c >&5
conftest.c:56:21: error: sys/elf.h: No such file or directory
configure:3855: $? = 1
configure: failed program was:
| /* confdefs.h */
| #define PACKAGE_NAME ""
| #define PACKAGE_TARNAME ""
| #define PACKAGE_VERSION ""
| #define PACKAGE_STRING ""
| #define PACKAGE_BUGREPORT ""
| #define PACKAGE_URL ""
| #define STDC_HEADERS 1
| #define HAVE_SYS_TYPES_H 1
| #define HAVE_SYS_STAT_H 1
| #define HAVE_STDLIB_H 1
| #define HAVE_STRING_H 1
| #define HAVE_MEMORY_H 1
| #define HAVE_STRINGS_H 1
| #define HAVE_INTTYPES_H 1
| #define HAVE_STDINT_H 1
| #define HAVE_UNISTD_H 1
| #define HAVE_UNISTD_H 1
| #define HAVE_STDINT_H 1
| #define HAVE_FCNTL_H 1
| #define HAVE_ELF_H 1
| /* end confdefs.h.  */
| #include <stdio.h>
| #ifdef HAVE_SYS_TYPES_H
| # include <sys/types.h>
| #endif
| #ifdef HAVE_SYS_STAT_H
| # include <sys/stat.h>
| #endif
| #ifdef STDC_HEADERS
| # include <stdlib.h>
| # include <stddef.h>
| #else
| # ifdef HAVE_STDLIB_H
| #  include <stdlib.h>
| # endif
| #endif
| #ifdef HAVE_STRING_H
| # if !defined STDC_HEADERS && defined HAVE_MEMORY_H
| #  include <memory.h>
| # endif
| # include <string.h>
| #endif
| #ifdef HAVE_STRINGS_H
| # include <strings.h>
| #endif
| #ifdef HAVE_INTTYPES_H
| # include <inttypes.h>
| #endif
| #ifdef HAVE_STDINT_H
| # include <stdint.h>
| #endif
| #ifdef HAVE_UNISTD_H
| # include <unistd.h>
| #endif
| #include <sys/elf.h>
configure:3855: result: no
configure:3855: checking sys/elf.h presence
configure:3855: /home/indal.choi/bin/android-ndk-r7/toolchains/arm-linux-androideabi-4.4.3/prebuilt/linux-x86/bin/arm-linux-androideabi-gcc -E --sysroot=/home/indal.choi/bin/android-ndk-r7/platforms/android-9/arch-arm conftest.c
conftest.c:23:21: error: sys/elf.h: No such file or directory
configure:3855: $? = 1
configure: failed program was:
| /* confdefs.h */
| #define PACKAGE_NAME ""
| #define PACKAGE_TARNAME ""
| #define PACKAGE_VERSION ""
| #define PACKAGE_STRING ""
| #define PACKAGE_BUGREPORT ""
| #define PACKAGE_URL ""
| #define STDC_HEADERS 1
| #define HAVE_SYS_TYPES_H 1
| #define HAVE_SYS_STAT_H 1
| #define HAVE_STDLIB_H 1
| #define HAVE_STRING_H 1
| #define HAVE_MEMORY_H 1
| #define HAVE_STRINGS_H 1
| #define HAVE_INTTYPES_H 1
| #define HAVE_STDINT_H 1
| #define HAVE_UNISTD_H 1
| #define HAVE_UNISTD_H 1
| #define HAVE_STDINT_H 1
| #define HAVE_FCNTL_H 1
| #define HAVE_ELF_H 1
| /* end confdefs.h.  */
| #include <sys/elf.h>
configure:3855: result: no
configure:3855: checking for sys/elf.h
configure:3855: result: no
configure:3855: checking link.h usability
configure:3855: /home/indal.choi/bin/android-ndk-r7/toolchains/arm-linux-androideabi-4.4.3/prebuilt/linux-x86/bin/arm-linux-androideabi-gcc -c --sysroot=/home/indal.choi/bin/android-ndk-r7/platforms/android-9/arch-arm --sysroot=/home/indal.choi/bin/android-ndk-r7/platforms/android-9/arch-arm conftest.c >&5
conftest.c:56:18: error: link.h: No such file or directory
configure:3855: $? = 1
configure: failed program was:
| /* confdefs.h */
| #define PACKAGE_NAME ""
| #define PACKAGE_TARNAME ""
| #define PACKAGE_VERSION ""
| #define PACKAGE_STRING ""
| #define PACKAGE_BUGREPORT ""
| #define PACKAGE_URL ""
| #define STDC_HEADERS 1
| #define HAVE_SYS_TYPES_H 1
| #define HAVE_SYS_STAT_H 1
| #define HAVE_STDLIB_H 1
| #define HAVE_STRING_H 1
| #define HAVE_MEMORY_H 1
| #define HAVE_STRINGS_H 1
| #define HAVE_INTTYPES_H 1
| #define HAVE_STDINT_H 1
| #define HAVE_UNISTD_H 1
| #define HAVE_UNISTD_H 1
| #define HAVE_STDINT_H 1
| #define HAVE_FCNTL_H 1
| #define HAVE_ELF_H 1
| /* end confdefs.h.  */
| #include <stdio.h>
| #ifdef HAVE_SYS_TYPES_H
| # include <sys/types.h>
| #endif
| #ifdef HAVE_SYS_STAT_H
| # include <sys/stat.h>
| #endif
| #ifdef STDC_HEADERS
| # include <stdlib.h>
| # include <stddef.h>
| #else
| # ifdef HAVE_STDLIB_H
| #  include <stdlib.h>
| # endif
| #endif
| #ifdef HAVE_STRING_H
| # if !defined STDC_HEADERS && defined HAVE_MEMORY_H
| #  include <memory.h>
| # endif
| # include <string.h>
| #endif
| #ifdef HAVE_STRINGS_H
| # include <strings.h>
| #endif
| #ifdef HAVE_INTTYPES_H
| # include <inttypes.h>
| #endif
| #ifdef HAVE_STDINT_H
| # include <stdint.h>
| #endif
| #ifdef HAVE_UNISTD_H
| # include <unistd.h>
| #endif
| #include <link.h>
configure:3855: result: no
configure:3855: checking link.h presence
configure:3855: /home/indal.choi/bin/android-ndk-r7/toolchains/arm-linux-androideabi-4.4.3/prebuilt/linux-x86/bin/arm-linux-androideabi-gcc -E --sysroot=/home/indal.choi/bin/android-ndk-r7/platforms/android-9/arch-arm conftest.c
conftest.c:23:18: error: link.h: No such file or directory
configure:3855: $? = 1
configure: failed program was:
| /* confdefs.h */
| #define PACKAGE_NAME ""
| #define PACKAGE_TARNAME ""
| #define PACKAGE_VERSION ""
| #define PACKAGE_STRING ""
| #define PACKAGE_BUGREPORT ""
| #define PACKAGE_URL ""
| #define STDC_HEADERS 1
| #define HAVE_SYS_TYPES_H 1
| #define HAVE_SYS_STAT_H 1
| #define HAVE_STDLIB_H 1
| #define HAVE_STRING_H 1
| #define HAVE_MEMORY_H 1
| #define HAVE_STRINGS_H 1
| #define HAVE_INTTYPES_H 1
| #define HAVE_STDINT_H 1
| #define HAVE_UNISTD_H 1
| #define HAVE_UNISTD_H 1
| #define HAVE_STDINT_H 1
| #define HAVE_FCNTL_H 1
| #define HAVE_ELF_H 1
| /* end confdefs.h.  */
| #include <link.h>
configure:3855: result: no
configure:3855: checking for link.h
configure:3855: result: no
configure:3855: checking sys/link.h usability
configure:3855: /home/indal.choi/bin/android-ndk-r7/toolchains/arm-linux-androideabi-4.4.3/prebuilt/linux-x86/bin/arm-linux-androideabi-gcc -c --sysroot=/home/indal.choi/bin/android-ndk-r7/platforms/android-9/arch-arm --sysroot=/home/indal.choi/bin/android-ndk-r7/platforms/android-9/arch-arm conftest.c >&5
conftest.c:56:22: error: sys/link.h: No such file or directory
configure:3855: $? = 1
configure: failed program was:
| /* confdefs.h */
| #define PACKAGE_NAME ""
| #define PACKAGE_TARNAME ""
| #define PACKAGE_VERSION ""
| #define PACKAGE_STRING ""
| #define PACKAGE_BUGREPORT ""
| #define PACKAGE_URL ""
| #define STDC_HEADERS 1
| #define HAVE_SYS_TYPES_H 1
| #define HAVE_SYS_STAT_H 1
| #define HAVE_STDLIB_H 1
| #define HAVE_STRING_H 1
| #define HAVE_MEMORY_H 1
| #define HAVE_STRINGS_H 1
| #define HAVE_INTTYPES_H 1
| #define HAVE_STDINT_H 1
| #define HAVE_UNISTD_H 1
| #define HAVE_UNISTD_H 1
| #define HAVE_STDINT_H 1
| #define HAVE_FCNTL_H 1
| #define HAVE_ELF_H 1
| /* end confdefs.h.  */
| #include <stdio.h>
| #ifdef HAVE_SYS_TYPES_H
| # include <sys/types.h>
| #endif
| #ifdef HAVE_SYS_STAT_H
| # include <sys/stat.h>
| #endif
| #ifdef STDC_HEADERS
| # include <stdlib.h>
| # include <stddef.h>
| #else
| # ifdef HAVE_STDLIB_H
| #  include <stdlib.h>
| # endif
| #endif
| #ifdef HAVE_STRING_H
| # if !defined STDC_HEADERS && defined HAVE_MEMORY_H
| #  include <memory.h>
| # endif
| # include <string.h>
| #endif
| #ifdef HAVE_STRINGS_H
| # include <strings.h>
| #endif
| #ifdef HAVE_INTTYPES_H
| # include <inttypes.h>
| #endif
| #ifdef HAVE_STDINT_H
| # include <stdint.h>
| #endif
| #ifdef HAVE_UNISTD_H
| # include <unistd.h>
| #endif
| #include <sys/link.h>
configure:3855: result: no
configure:3855: checking sys/link.h presence
configure:3855: /home/indal.choi/bin/android-ndk-r7/toolchains/arm-linux-androideabi-4.4.3/prebuilt/linux-x86/bin/arm-linux-androideabi-gcc -E --sysroot=/home/indal.choi/bin/android-ndk-r7/platforms/android-9/arch-arm conftest.c
conftest.c:23:22: error: sys/link.h: No such file or directory
configure:3855: $? = 1
configure: failed program was:
| /* confdefs.h */
| #define PACKAGE_NAME ""
| #define PACKAGE_TARNAME ""
| #define PACKAGE_VERSION ""
| #define PACKAGE_STRING ""
| #define PACKAGE_BUGREPORT ""
| #define PACKAGE_URL ""
| #define STDC_HEADERS 1
| #define HAVE_SYS_TYPES_H 1
| #define HAVE_SYS_STAT_H 1
| #define HAVE_STDLIB_H 1
| #define HAVE_STRING_H 1
| #define HAVE_MEMORY_H 1
| #define HAVE_STRINGS_H 1
| #define HAVE_INTTYPES_H 1
| #define HAVE_STDINT_H 1
| #define HAVE_UNISTD_H 1
| #define HAVE_UNISTD_H 1
| #define HAVE_STDINT_H 1
| #define HAVE_FCNTL_H 1
| #define HAVE_ELF_H 1
| /* end confdefs.h.  */
| #include <sys/link.h>
configure:3855: result: no
configure:3855: checking for sys/link.h
configure:3855: result: no
configure:3865: checking if /home/indal.choi/bin/android-ndk-r7/toolchains/arm-linux-androideabi-4.4.3/prebuilt/linux-x86/bin/arm-linux-androideabi-gcc can compile elf.h
configure:3886: /home/indal.choi/bin/android-ndk-r7/toolchains/arm-linux-androideabi-4.4.3/prebuilt/linux-x86/bin/arm-linux-androideabi-gcc -c --sysroot=/home/indal.choi/bin/android-ndk-r7/platforms/android-9/arch-arm --sysroot=/home/indal.choi/bin/android-ndk-r7/platforms/android-9/arch-arm conftest.c >&5
configure:3886: $? = 0
configure:3894: result: yes
configure:3911: checking ar.h usability
configure:3911: /home/indal.choi/bin/android-ndk-r7/toolchains/arm-linux-androideabi-4.4.3/prebuilt/linux-x86/bin/arm-linux-androideabi-gcc -c --sysroot=/home/indal.choi/bin/android-ndk-r7/platforms/android-9/arch-arm --sysroot=/home/indal.choi/bin/android-ndk-r7/platforms/android-9/arch-arm conftest.c >&5
conftest.c:57:16: error: ar.h: No such file or directory
configure:3911: $? = 1
configure: failed program was:
| /* confdefs.h */
| #define PACKAGE_NAME ""
| #define PACKAGE_TARNAME ""
| #define PACKAGE_VERSION ""
| #define PACKAGE_STRING ""
| #define PACKAGE_BUGREPORT ""
| #define PACKAGE_URL ""
| #define STDC_HEADERS 1
| #define HAVE_SYS_TYPES_H 1
| #define HAVE_SYS_STAT_H 1
| #define HAVE_STDLIB_H 1
| #define HAVE_STRING_H 1
| #define HAVE_MEMORY_H 1
| #define HAVE_STRINGS_H 1
| #define HAVE_INTTYPES_H 1
| #define HAVE_STDINT_H 1
| #define HAVE_UNISTD_H 1
| #define HAVE_UNISTD_H 1
| #define HAVE_STDINT_H 1
| #define HAVE_FCNTL_H 1
| #define HAVE_ELF_H 1
| #define __LIBELF_HEADER_ELF_H <elf.h>
| /* end confdefs.h.  */
| #include <stdio.h>
| #ifdef HAVE_SYS_TYPES_H
| # include <sys/types.h>
| #endif
| #ifdef HAVE_SYS_STAT_H
| # include <sys/stat.h>
| #endif
| #ifdef STDC_HEADERS
| # include <stdlib.h>
| # include <stddef.h>
| #else
| # ifdef HAVE_STDLIB_H
| #  include <stdlib.h>
| # endif
| #endif
| #ifdef HAVE_STRING_H
| # if !defined STDC_HEADERS && defined HAVE_MEMORY_H
| #  include <memory.h>
| # endif
| # include <string.h>
| #endif
| #ifdef HAVE_STRINGS_H
| # include <strings.h>
| #endif
| #ifdef HAVE_INTTYPES_H
| # include <inttypes.h>
| #endif
| #ifdef HAVE_STDINT_H
| # include <stdint.h>
| #endif
| #ifdef HAVE_UNISTD_H
| # include <unistd.h>
| #endif
| #include <ar.h>
configure:3911: result: no
configure:3911: checking ar.h presence
configure:3911: /home/indal.choi/bin/android-ndk-r7/toolchains/arm-linux-androideabi-4.4.3/prebuilt/linux-x86/bin/arm-linux-androideabi-gcc -E --sysroot=/home/indal.choi/bin/android-ndk-r7/platforms/android-9/arch-arm conftest.c
conftest.c:24:16: error: ar.h: No such file or directory
configure:3911: $? = 1
configure: failed program was:
| /* confdefs.h */
| #define PACKAGE_NAME ""
| #define PACKAGE_TARNAME ""
| #define PACKAGE_VERSION ""
| #define PACKAGE_STRING ""
| #define PACKAGE_BUGREPORT ""
| #define PACKAGE_URL ""
| #define STDC_HEADERS 1
| #define HAVE_SYS_TYPES_H 1
| #define HAVE_SYS_STAT_H 1
| #define HAVE_STDLIB_H 1
| #define HAVE_STRING_H 1
| #define HAVE_MEMORY_H 1
| #define HAVE_STRINGS_H 1
| #define HAVE_INTTYPES_H 1
| #define HAVE_STDINT_H 1
| #define HAVE_UNISTD_H 1
| #define HAVE_UNISTD_H 1
| #define HAVE_STDINT_H 1
| #define HAVE_FCNTL_H 1
| #define HAVE_ELF_H 1
| #define __LIBELF_HEADER_ELF_H <elf.h>
| /* end confdefs.h.  */
| #include <ar.h>
configure:3911: result: no
configure:3911: checking for ar.h
configure:3911: result: no
configure:3911: checking libelf.h usability
configure:3911: /home/indal.choi/bin/android-ndk-r7/toolchains/arm-linux-androideabi-4.4.3/prebuilt/linux-x86/bin/arm-linux-androideabi-gcc -c --sysroot=/home/indal.choi/bin/android-ndk-r7/platforms/android-9/arch-arm --sysroot=/home/indal.choi/bin/android-ndk-r7/platforms/android-9/arch-arm conftest.c >&5
configure:3911: $? = 0
configure:3911: result: yes
configure:3911: checking libelf.h presence
configure:3911: /home/indal.choi/bin/android-ndk-r7/toolchains/arm-linux-androideabi-4.4.3/prebuilt/linux-x86/bin/arm-linux-androideabi-gcc -E --sysroot=/home/indal.choi/bin/android-ndk-r7/platforms/android-9/arch-arm conftest.c
configure:3911: $? = 0
configure:3911: result: yes
configure:3911: checking for libelf.h
configure:3911: result: yes
configure:3911: checking nlist.h usability
configure:3911: /home/indal.choi/bin/android-ndk-r7/toolchains/arm-linux-androideabi-4.4.3/prebuilt/linux-x86/bin/arm-linux-androideabi-gcc -c --sysroot=/home/indal.choi/bin/android-ndk-r7/platforms/android-9/arch-arm --sysroot=/home/indal.choi/bin/android-ndk-r7/platforms/android-9/arch-arm conftest.c >&5
conftest.c:58:19: error: nlist.h: No such file or directory
configure:3911: $? = 1
configure: failed program was:
| /* confdefs.h */
| #define PACKAGE_NAME ""
| #define PACKAGE_TARNAME ""
| #define PACKAGE_VERSION ""
| #define PACKAGE_STRING ""
| #define PACKAGE_BUGREPORT ""
| #define PACKAGE_URL ""
| #define STDC_HEADERS 1
| #define HAVE_SYS_TYPES_H 1
| #define HAVE_SYS_STAT_H 1
| #define HAVE_STDLIB_H 1
| #define HAVE_STRING_H 1
| #define HAVE_MEMORY_H 1
| #define HAVE_STRINGS_H 1
| #define HAVE_INTTYPES_H 1
| #define HAVE_STDINT_H 1
| #define HAVE_UNISTD_H 1
| #define HAVE_UNISTD_H 1
| #define HAVE_STDINT_H 1
| #define HAVE_FCNTL_H 1
| #define HAVE_ELF_H 1
| #define __LIBELF_HEADER_ELF_H <elf.h>
| #define HAVE_LIBELF_H 1
| /* end confdefs.h.  */
| #include <stdio.h>
| #ifdef HAVE_SYS_TYPES_H
| # include <sys/types.h>
| #endif
| #ifdef HAVE_SYS_STAT_H
| # include <sys/stat.h>
| #endif
| #ifdef STDC_HEADERS
| # include <stdlib.h>
| # include <stddef.h>
| #else
| # ifdef HAVE_STDLIB_H
| #  include <stdlib.h>
| # endif
| #endif
| #ifdef HAVE_STRING_H
| # if !defined STDC_HEADERS && defined HAVE_MEMORY_H
| #  include <memory.h>
| # endif
| # include <string.h>
| #endif
| #ifdef HAVE_STRINGS_H
| # include <strings.h>
| #endif
| #ifdef HAVE_INTTYPES_H
| # include <inttypes.h>
| #endif
| #ifdef HAVE_STDINT_H
| # include <stdint.h>
| #endif
| #ifdef HAVE_UNISTD_H
| # include <unistd.h>
| #endif
| #include <nlist.h>
configure:3911: result: no
configure:3911: checking nlist.h presence
configure:3911: /home/indal.choi/bin/android-ndk-r7/toolchains/arm-linux-androideabi-4.4.3/prebuilt/linux-x86/bin/arm-linux-androideabi-gcc -E --sysroot=/home/indal.choi/bin/android-ndk-r7/platforms/android-9/arch-arm conftest.c
conftest.c:25:19: error: nlist.h: No such file or directory
configure:3911: $? = 1
configure: failed program was:
| /* confdefs.h */
| #define PACKAGE_NAME ""
| #define PACKAGE_TARNAME ""
| #define PACKAGE_VERSION ""
| #define PACKAGE_STRING ""
| #define PACKAGE_BUGREPORT ""
| #define PACKAGE_URL ""
| #define STDC_HEADERS 1
| #define HAVE_SYS_TYPES_H 1
| #define HAVE_SYS_STAT_H 1
| #define HAVE_STDLIB_H 1
| #define HAVE_STRING_H 1
| #define HAVE_MEMORY_H 1
| #define HAVE_STRINGS_H 1
| #define HAVE_INTTYPES_H 1
| #define HAVE_STDINT_H 1
| #define HAVE_UNISTD_H 1
| #define HAVE_UNISTD_H 1
| #define HAVE_STDINT_H 1
| #define HAVE_FCNTL_H 1
| #define HAVE_ELF_H 1
| #define __LIBELF_HEADER_ELF_H <elf.h>
| #define HAVE_LIBELF_H 1
| /* end confdefs.h.  */
| #include <nlist.h>
configure:3911: result: no
configure:3911: checking for nlist.h
configure:3911: result: no
configure:3911: checking gelf.h usability
configure:3911: /home/indal.choi/bin/android-ndk-r7/toolchains/arm-linux-androideabi-4.4.3/prebuilt/linux-x86/bin/arm-linux-androideabi-gcc -c --sysroot=/home/indal.choi/bin/android-ndk-r7/platforms/android-9/arch-arm --sysroot=/home/indal.choi/bin/android-ndk-r7/platforms/android-9/arch-arm conftest.c >&5
configure:3911: $? = 0
configure:3911: result: yes
configure:3911: checking gelf.h presence
configure:3911: /home/indal.choi/bin/android-ndk-r7/toolchains/arm-linux-androideabi-4.4.3/prebuilt/linux-x86/bin/arm-linux-androideabi-gcc -E --sysroot=/home/indal.choi/bin/android-ndk-r7/platforms/android-9/arch-arm conftest.c
configure:3911: $? = 0
configure:3911: result: yes
configure:3911: checking for gelf.h
configure:3911: result: yes
configure:3921: checking whether to install <libelf.h>, <nlist.h> and <gelf.h>
configure:3933: result: yes
configure:3937: checking for an ANSI C-conforming const
configure:4002: /home/indal.choi/bin/android-ndk-r7/toolchains/arm-linux-androideabi-4.4.3/prebuilt/linux-x86/bin/arm-linux-androideabi-gcc -c --sysroot=/home/indal.choi/bin/android-ndk-r7/platforms/android-9/arch-arm --sysroot=/home/indal.choi/bin/android-ndk-r7/platforms/android-9/arch-arm conftest.c >&5
configure:4002: $? = 0
configure:4009: result: yes
configure:4017: checking for off_t
configure:4017: /home/indal.choi/bin/android-ndk-r7/toolchains/arm-linux-androideabi-4.4.3/prebuilt/linux-x86/bin/arm-linux-androideabi-gcc -c --sysroot=/home/indal.choi/bin/android-ndk-r7/platforms/android-9/arch-arm --sysroot=/home/indal.choi/bin/android-ndk-r7/platforms/android-9/arch-arm conftest.c >&5
configure:4017: $? = 0
configure:4017: /home/indal.choi/bin/android-ndk-r7/toolchains/arm-linux-androideabi-4.4.3/prebuilt/linux-x86/bin/arm-linux-androideabi-gcc -c --sysroot=/home/indal.choi/bin/android-ndk-r7/platforms/android-9/arch-arm --sysroot=/home/indal.choi/bin/android-ndk-r7/platforms/android-9/arch-arm conftest.c >&5
conftest.c: In function 'main':
conftest.c:62: error: expected expression before ')' token
configure:4017: $? = 1
configure: failed program was:
| /* confdefs.h */
| #define PACKAGE_NAME ""
| #define PACKAGE_TARNAME ""
| #define PACKAGE_VERSION ""
| #define PACKAGE_STRING ""
| #define PACKAGE_BUGREPORT ""
| #define PACKAGE_URL ""
| #define STDC_HEADERS 1
| #define HAVE_SYS_TYPES_H 1
| #define HAVE_SYS_STAT_H 1
| #define HAVE_STDLIB_H 1
| #define HAVE_STRING_H 1
| #define HAVE_MEMORY_H 1
| #define HAVE_STRINGS_H 1
| #define HAVE_INTTYPES_H 1
| #define HAVE_STDINT_H 1
| #define HAVE_UNISTD_H 1
| #define HAVE_UNISTD_H 1
| #define HAVE_STDINT_H 1
| #define HAVE_FCNTL_H 1
| #define HAVE_ELF_H 1
| #define __LIBELF_HEADER_ELF_H <elf.h>
| #define HAVE_LIBELF_H 1
| #define HAVE_GELF_H 1
| /* end confdefs.h.  */
| #include <stdio.h>
| #ifdef HAVE_SYS_TYPES_H
| # include <sys/types.h>
| #endif
| #ifdef HAVE_SYS_STAT_H
| # include <sys/stat.h>
| #endif
| #ifdef STDC_HEADERS
| # include <stdlib.h>
| # include <stddef.h>
| #else
| # ifdef HAVE_STDLIB_H
| #  include <stdlib.h>
| # endif
| #endif
| #ifdef HAVE_STRING_H
| # if !defined STDC_HEADERS && defined HAVE_MEMORY_H
| #  include <memory.h>
| # endif
| # include <string.h>
| #endif
| #ifdef HAVE_STRINGS_H
| # include <strings.h>
| #endif
| #ifdef HAVE_INTTYPES_H
| # include <inttypes.h>
| #endif
| #ifdef HAVE_STDINT_H
| # include <stdint.h>
| #endif
| #ifdef HAVE_UNISTD_H
| # include <unistd.h>
| #endif
| int
| main ()
| {
| if (sizeof ((off_t)))
| 	    return 0;
|   ;
|   return 0;
| }
configure:4017: result: yes
configure:4028: checking for size_t
configure:4028: /home/indal.choi/bin/android-ndk-r7/toolchains/arm-linux-androideabi-4.4.3/prebuilt/linux-x86/bin/arm-linux-androideabi-gcc -c --sysroot=/home/indal.choi/bin/android-ndk-r7/platforms/android-9/arch-arm --sysroot=/home/indal.choi/bin/android-ndk-r7/platforms/android-9/arch-arm conftest.c >&5
configure:4028: $? = 0
configure:4028: /home/indal.choi/bin/android-ndk-r7/toolchains/arm-linux-androideabi-4.4.3/prebuilt/linux-x86/bin/arm-linux-androideabi-gcc -c --sysroot=/home/indal.choi/bin/android-ndk-r7/platforms/android-9/arch-arm --sysroot=/home/indal.choi/bin/android-ndk-r7/platforms/android-9/arch-arm conftest.c >&5
conftest.c: In function 'main':
conftest.c:62: error: expected expression before ')' token
configure:4028: $? = 1
configure: failed program was:
| /* confdefs.h */
| #define PACKAGE_NAME ""
| #define PACKAGE_TARNAME ""
| #define PACKAGE_VERSION ""
| #define PACKAGE_STRING ""
| #define PACKAGE_BUGREPORT ""
| #define PACKAGE_URL ""
| #define STDC_HEADERS 1
| #define HAVE_SYS_TYPES_H 1
| #define HAVE_SYS_STAT_H 1
| #define HAVE_STDLIB_H 1
| #define HAVE_STRING_H 1
| #define HAVE_MEMORY_H 1
| #define HAVE_STRINGS_H 1
| #define HAVE_INTTYPES_H 1
| #define HAVE_STDINT_H 1
| #define HAVE_UNISTD_H 1
| #define HAVE_UNISTD_H 1
| #define HAVE_STDINT_H 1
| #define HAVE_FCNTL_H 1
| #define HAVE_ELF_H 1
| #define __LIBELF_HEADER_ELF_H <elf.h>
| #define HAVE_LIBELF_H 1
| #define HAVE_GELF_H 1
| /* end confdefs.h.  */
| #include <stdio.h>
| #ifdef HAVE_SYS_TYPES_H
| # include <sys/types.h>
| #endif
| #ifdef HAVE_SYS_STAT_H
| # include <sys/stat.h>
| #endif
| #ifdef STDC_HEADERS
| # include <stdlib.h>
| # include <stddef.h>
| #else
| # ifdef HAVE_STDLIB_H
| #  include <stdlib.h>
| # endif
| #endif
| #ifdef HAVE_STRING_H
| # if !defined STDC_HEADERS && defined HAVE_MEMORY_H
| #  include <memory.h>
| # endif
| # include <string.h>
| #endif
| #ifdef HAVE_STRINGS_H
| # include <strings.h>
| #endif
| #ifdef HAVE_INTTYPES_H
| # include <inttypes.h>
| #endif
| #ifdef HAVE_STDINT_H
| # include <stdint.h>
| #endif
| #ifdef HAVE_UNISTD_H
| # include <unistd.h>
| #endif
| int
| main ()
| {
| if (sizeof ((size_t)))
| 	    return 0;
|   ;
|   return 0;
| }
configure:4028: result: yes
configure:4044: checking size of short
configure:4049: /home/indal.choi/bin/android-ndk-r7/toolchains/arm-linux-androideabi-4.4.3/prebuilt/linux-x86/bin/arm-linux-androideabi-gcc -c --sysroot=/home/indal.choi/bin/android-ndk-r7/platforms/android-9/arch-arm --sysroot=/home/indal.choi/bin/android-ndk-r7/platforms/android-9/arch-arm conftest.c >&5
configure:4049: $? = 0
configure:4049: /home/indal.choi/bin/android-ndk-r7/toolchains/arm-linux-androideabi-4.4.3/prebuilt/linux-x86/bin/arm-linux-androideabi-gcc -c --sysroot=/home/indal.choi/bin/android-ndk-r7/platforms/android-9/arch-arm --sysroot=/home/indal.choi/bin/android-ndk-r7/platforms/android-9/arch-arm conftest.c >&5
conftest.c: In function 'main':
conftest.c:62: error: size of array 'test_array' is negative
configure:4049: $? = 1
configure: failed program was:
| /* confdefs.h */
| #define PACKAGE_NAME ""
| #define PACKAGE_TARNAME ""
| #define PACKAGE_VERSION ""
| #define PACKAGE_STRING ""
| #define PACKAGE_BUGREPORT ""
| #define PACKAGE_URL ""
| #define STDC_HEADERS 1
| #define HAVE_SYS_TYPES_H 1
| #define HAVE_SYS_STAT_H 1
| #define HAVE_STDLIB_H 1
| #define HAVE_STRING_H 1
| #define HAVE_MEMORY_H 1
| #define HAVE_STRINGS_H 1
| #define HAVE_INTTYPES_H 1
| #define HAVE_STDINT_H 1
| #define HAVE_UNISTD_H 1
| #define HAVE_UNISTD_H 1
| #define HAVE_STDINT_H 1
| #define HAVE_FCNTL_H 1
| #define HAVE_ELF_H 1
| #define __LIBELF_HEADER_ELF_H <elf.h>
| #define HAVE_LIBELF_H 1
| #define HAVE_GELF_H 1
| /* end confdefs.h.  */
| #include <stdio.h>
| #ifdef HAVE_SYS_TYPES_H
| # include <sys/types.h>
| #endif
| #ifdef HAVE_SYS_STAT_H
| # include <sys/stat.h>
| #endif
| #ifdef STDC_HEADERS
| # include <stdlib.h>
| # include <stddef.h>
| #else
| # ifdef HAVE_STDLIB_H
| #  include <stdlib.h>
| # endif
| #endif
| #ifdef HAVE_STRING_H
| # if !defined STDC_HEADERS && defined HAVE_MEMORY_H
| #  include <memory.h>
| # endif
| # include <string.h>
| #endif
| #ifdef HAVE_STRINGS_H
| # include <strings.h>
| #endif
| #ifdef HAVE_INTTYPES_H
| # include <inttypes.h>
| #endif
| #ifdef HAVE_STDINT_H
| # include <stdint.h>
| #endif
| #ifdef HAVE_UNISTD_H
| # include <unistd.h>
| #endif
| int
| main ()
| {
| static int test_array [1 - 2 * !(((long int) (sizeof (short))) <= 0)];
| test_array [0] = 0
| 
|   ;
|   return 0;
| }
configure:4049: /home/indal.choi/bin/android-ndk-r7/toolchains/arm-linux-androideabi-4.4.3/prebuilt/linux-x86/bin/arm-linux-androideabi-gcc -c --sysroot=/home/indal.choi/bin/android-ndk-r7/platforms/android-9/arch-arm --sysroot=/home/indal.choi/bin/android-ndk-r7/platforms/android-9/arch-arm conftest.c >&5
conftest.c: In function 'main':
conftest.c:62: error: size of array 'test_array' is negative
configure:4049: $? = 1
configure: failed program was:
| /* confdefs.h */
| #define PACKAGE_NAME ""
| #define PACKAGE_TARNAME ""
| #define PACKAGE_VERSION ""
| #define PACKAGE_STRING ""
| #define PACKAGE_BUGREPORT ""
| #define PACKAGE_URL ""
| #define STDC_HEADERS 1
| #define HAVE_SYS_TYPES_H 1
| #define HAVE_SYS_STAT_H 1
| #define HAVE_STDLIB_H 1
| #define HAVE_STRING_H 1
| #define HAVE_MEMORY_H 1
| #define HAVE_STRINGS_H 1
| #define HAVE_INTTYPES_H 1
| #define HAVE_STDINT_H 1
| #define HAVE_UNISTD_H 1
| #define HAVE_UNISTD_H 1
| #define HAVE_STDINT_H 1
| #define HAVE_FCNTL_H 1
| #define HAVE_ELF_H 1
| #define __LIBELF_HEADER_ELF_H <elf.h>
| #define HAVE_LIBELF_H 1
| #define HAVE_GELF_H 1
| /* end confdefs.h.  */
| #include <stdio.h>
| #ifdef HAVE_SYS_TYPES_H
| # include <sys/types.h>
| #endif
| #ifdef HAVE_SYS_STAT_H
| # include <sys/stat.h>
| #endif
| #ifdef STDC_HEADERS
| # include <stdlib.h>
| # include <stddef.h>
| #else
| # ifdef HAVE_STDLIB_H
| #  include <stdlib.h>
| # endif
| #endif
| #ifdef HAVE_STRING_H
| # if !defined STDC_HEADERS && defined HAVE_MEMORY_H
| #  include <memory.h>
| # endif
| # include <string.h>
| #endif
| #ifdef HAVE_STRINGS_H
| # include <strings.h>
| #endif
| #ifdef HAVE_INTTYPES_H
| # include <inttypes.h>
| #endif
| #ifdef HAVE_STDINT_H
| # include <stdint.h>
| #endif
| #ifdef HAVE_UNISTD_H
| # include <unistd.h>
| #endif
| int
| main ()
| {
| static int test_array [1 - 2 * !(((long int) (sizeof (short))) <= 1)];
| test_array [0] = 0
| 
|   ;
|   return 0;
| }
configure:4049: /home/indal.choi/bin/android-ndk-r7/toolchains/arm-linux-androideabi-4.4.3/prebuilt/linux-x86/bin/arm-linux-androideabi-gcc -c --sysroot=/home/indal.choi/bin/android-ndk-r7/platforms/android-9/arch-arm --sysroot=/home/indal.choi/bin/android-ndk-r7/platforms/android-9/arch-arm conftest.c >&5
configure:4049: $? = 0
configure:4049: /home/indal.choi/bin/android-ndk-r7/toolchains/arm-linux-androideabi-4.4.3/prebuilt/linux-x86/bin/arm-linux-androideabi-gcc -c --sysroot=/home/indal.choi/bin/android-ndk-r7/platforms/android-9/arch-arm --sysroot=/home/indal.choi/bin/android-ndk-r7/platforms/android-9/arch-arm conftest.c >&5
configure:4049: $? = 0
configure:4063: result: 2
configure:4077: checking size of int
configure:4082: /home/indal.choi/bin/android-ndk-r7/toolchains/arm-linux-androideabi-4.4.3/prebuilt/linux-x86/bin/arm-linux-androideabi-gcc -c --sysroot=/home/indal.choi/bin/android-ndk-r7/platforms/android-9/arch-arm --sysroot=/home/indal.choi/bin/android-ndk-r7/platforms/android-9/arch-arm conftest.c >&5
configure:4082: $? = 0
configure:4082: /home/indal.choi/bin/android-ndk-r7/toolchains/arm-linux-androideabi-4.4.3/prebuilt/linux-x86/bin/arm-linux-androideabi-gcc -c --sysroot=/home/indal.choi/bin/android-ndk-r7/platforms/android-9/arch-arm --sysroot=/home/indal.choi/bin/android-ndk-r7/platforms/android-9/arch-arm conftest.c >&5
conftest.c: In function 'main':
conftest.c:63: error: size of array 'test_array' is negative
configure:4082: $? = 1
configure: failed program was:
| /* confdefs.h */
| #define PACKAGE_NAME ""
| #define PACKAGE_TARNAME ""
| #define PACKAGE_VERSION ""
| #define PACKAGE_STRING ""
| #define PACKAGE_BUGREPORT ""
| #define PACKAGE_URL ""
| #define STDC_HEADERS 1
| #define HAVE_SYS_TYPES_H 1
| #define HAVE_SYS_STAT_H 1
| #define HAVE_STDLIB_H 1
| #define HAVE_STRING_H 1
| #define HAVE_MEMORY_H 1
| #define HAVE_STRINGS_H 1
| #define HAVE_INTTYPES_H 1
| #define HAVE_STDINT_H 1
| #define HAVE_UNISTD_H 1
| #define HAVE_UNISTD_H 1
| #define HAVE_STDINT_H 1
| #define HAVE_FCNTL_H 1
| #define HAVE_ELF_H 1
| #define __LIBELF_HEADER_ELF_H <elf.h>
| #define HAVE_LIBELF_H 1
| #define HAVE_GELF_H 1
| #define SIZEOF_SHORT 2
| /* end confdefs.h.  */
| #include <stdio.h>
| #ifdef HAVE_SYS_TYPES_H
| # include <sys/types.h>
| #endif
| #ifdef HAVE_SYS_STAT_H
| # include <sys/stat.h>
| #endif
| #ifdef STDC_HEADERS
| # include <stdlib.h>
| # include <stddef.h>
| #else
| # ifdef HAVE_STDLIB_H
| #  include <stdlib.h>
| # endif
| #endif
| #ifdef HAVE_STRING_H
| # if !defined STDC_HEADERS && defined HAVE_MEMORY_H
| #  include <memory.h>
| # endif
| # include <string.h>
| #endif
| #ifdef HAVE_STRINGS_H
| # include <strings.h>
| #endif
| #ifdef HAVE_INTTYPES_H
| # include <inttypes.h>
| #endif
| #ifdef HAVE_STDINT_H
| # include <stdint.h>
| #endif
| #ifdef HAVE_UNISTD_H
| # include <unistd.h>
| #endif
| int
| main ()
| {
| static int test_array [1 - 2 * !(((long int) (sizeof (int))) <= 0)];
| test_array [0] = 0
| 
|   ;
|   return 0;
| }
configure:4082: /home/indal.choi/bin/android-ndk-r7/toolchains/arm-linux-androideabi-4.4.3/prebuilt/linux-x86/bin/arm-linux-androideabi-gcc -c --sysroot=/home/indal.choi/bin/android-ndk-r7/platforms/android-9/arch-arm --sysroot=/home/indal.choi/bin/android-ndk-r7/platforms/android-9/arch-arm conftest.c >&5
conftest.c: In function 'main':
conftest.c:63: error: size of array 'test_array' is negative
configure:4082: $? = 1
configure: failed program was:
| /* confdefs.h */
| #define PACKAGE_NAME ""
| #define PACKAGE_TARNAME ""
| #define PACKAGE_VERSION ""
| #define PACKAGE_STRING ""
| #define PACKAGE_BUGREPORT ""
| #define PACKAGE_URL ""
| #define STDC_HEADERS 1
| #define HAVE_SYS_TYPES_H 1
| #define HAVE_SYS_STAT_H 1
| #define HAVE_STDLIB_H 1
| #define HAVE_STRING_H 1
| #define HAVE_MEMORY_H 1
| #define HAVE_STRINGS_H 1
| #define HAVE_INTTYPES_H 1
| #define HAVE_STDINT_H 1
| #define HAVE_UNISTD_H 1
| #define HAVE_UNISTD_H 1
| #define HAVE_STDINT_H 1
| #define HAVE_FCNTL_H 1
| #define HAVE_ELF_H 1
| #define __LIBELF_HEADER_ELF_H <elf.h>
| #define HAVE_LIBELF_H 1
| #define HAVE_GELF_H 1
| #define SIZEOF_SHORT 2
| /* end confdefs.h.  */
| #include <stdio.h>
| #ifdef HAVE_SYS_TYPES_H
| # include <sys/types.h>
| #endif
| #ifdef HAVE_SYS_STAT_H
| # include <sys/stat.h>
| #endif
| #ifdef STDC_HEADERS
| # include <stdlib.h>
| # include <stddef.h>
| #else
| # ifdef HAVE_STDLIB_H
| #  include <stdlib.h>
| # endif
| #endif
| #ifdef HAVE_STRING_H
| # if !defined STDC_HEADERS && defined HAVE_MEMORY_H
| #  include <memory.h>
| # endif
| # include <string.h>
| #endif
| #ifdef HAVE_STRINGS_H
| # include <strings.h>
| #endif
| #ifdef HAVE_INTTYPES_H
| # include <inttypes.h>
| #endif
| #ifdef HAVE_STDINT_H
| # include <stdint.h>
| #endif
| #ifdef HAVE_UNISTD_H
| # include <unistd.h>
| #endif
| int
| main ()
| {
| static int test_array [1 - 2 * !(((long int) (sizeof (int))) <= 1)];
| test_array [0] = 0
| 
|   ;
|   return 0;
| }
configure:4082: /home/indal.choi/bin/android-ndk-r7/toolchains/arm-linux-androideabi-4.4.3/prebuilt/linux-x86/bin/arm-linux-androideabi-gcc -c --sysroot=/home/indal.choi/bin/android-ndk-r7/platforms/android-9/arch-arm --sysroot=/home/indal.choi/bin/android-ndk-r7/platforms/android-9/arch-arm conftest.c >&5
conftest.c: In function 'main':
conftest.c:63: error: size of array 'test_array' is negative
configure:4082: $? = 1
configure: failed program was:
| /* confdefs.h */
| #define PACKAGE_NAME ""
| #define PACKAGE_TARNAME ""
| #define PACKAGE_VERSION ""
| #define PACKAGE_STRING ""
| #define PACKAGE_BUGREPORT ""
| #define PACKAGE_URL ""
| #define STDC_HEADERS 1
| #define HAVE_SYS_TYPES_H 1
| #define HAVE_SYS_STAT_H 1
| #define HAVE_STDLIB_H 1
| #define HAVE_STRING_H 1
| #define HAVE_MEMORY_H 1
| #define HAVE_STRINGS_H 1
| #define HAVE_INTTYPES_H 1
| #define HAVE_STDINT_H 1
| #define HAVE_UNISTD_H 1
| #define HAVE_UNISTD_H 1
| #define HAVE_STDINT_H 1
| #define HAVE_FCNTL_H 1
| #define HAVE_ELF_H 1
| #define __LIBELF_HEADER_ELF_H <elf.h>
| #define HAVE_LIBELF_H 1
| #define HAVE_GELF_H 1
| #define SIZEOF_SHORT 2
| /* end confdefs.h.  */
| #include <stdio.h>
| #ifdef HAVE_SYS_TYPES_H
| # include <sys/types.h>
| #endif
| #ifdef HAVE_SYS_STAT_H
| # include <sys/stat.h>
| #endif
| #ifdef STDC_HEADERS
| # include <stdlib.h>
| # include <stddef.h>
| #else
| # ifdef HAVE_STDLIB_H
| #  include <stdlib.h>
| # endif
| #endif
| #ifdef HAVE_STRING_H
| # if !defined STDC_HEADERS && defined HAVE_MEMORY_H
| #  include <memory.h>
| # endif
| # include <string.h>
| #endif
| #ifdef HAVE_STRINGS_H
| # include <strings.h>
| #endif
| #ifdef HAVE_INTTYPES_H
| # include <inttypes.h>
| #endif
| #ifdef HAVE_STDINT_H
| # include <stdint.h>
| #endif
| #ifdef HAVE_UNISTD_H
| # include <unistd.h>
| #endif
| int
| main ()
| {
| static int test_array [1 - 2 * !(((long int) (sizeof (int))) <= 3)];
| test_array [0] = 0
| 
|   ;
|   return 0;
| }
configure:4082: /home/indal.choi/bin/android-ndk-r7/toolchains/arm-linux-androideabi-4.4.3/prebuilt/linux-x86/bin/arm-linux-androideabi-gcc -c --sysroot=/home/indal.choi/bin/android-ndk-r7/platforms/android-9/arch-arm --sysroot=/home/indal.choi/bin/android-ndk-r7/platforms/android-9/arch-arm conftest.c >&5
configure:4082: $? = 0
configure:4082: /home/indal.choi/bin/android-ndk-r7/toolchains/arm-linux-androideabi-4.4.3/prebuilt/linux-x86/bin/arm-linux-androideabi-gcc -c --sysroot=/home/indal.choi/bin/android-ndk-r7/platforms/android-9/arch-arm --sysroot=/home/indal.choi/bin/android-ndk-r7/platforms/android-9/arch-arm conftest.c >&5
configure:4082: $? = 0
configure:4082: /home/indal.choi/bin/android-ndk-r7/toolchains/arm-linux-androideabi-4.4.3/prebuilt/linux-x86/bin/arm-linux-androideabi-gcc -c --sysroot=/home/indal.choi/bin/android-ndk-r7/platforms/android-9/arch-arm --sysroot=/home/indal.choi/bin/android-ndk-r7/platforms/android-9/arch-arm conftest.c >&5
configure:4082: $? = 0
configure:4096: result: 4
configure:4110: checking size of long
configure:4115: /home/indal.choi/bin/android-ndk-r7/toolchains/arm-linux-androideabi-4.4.3/prebuilt/linux-x86/bin/arm-linux-androideabi-gcc -c --sysroot=/home/indal.choi/bin/android-ndk-r7/platforms/android-9/arch-arm --sysroot=/home/indal.choi/bin/android-ndk-r7/platforms/android-9/arch-arm conftest.c >&5
configure:4115: $? = 0
configure:4115: /home/indal.choi/bin/android-ndk-r7/toolchains/arm-linux-androideabi-4.4.3/prebuilt/linux-x86/bin/arm-linux-androideabi-gcc -c --sysroot=/home/indal.choi/bin/android-ndk-r7/platforms/android-9/arch-arm --sysroot=/home/indal.choi/bin/android-ndk-r7/platforms/android-9/arch-arm conftest.c >&5
conftest.c: In function 'main':
conftest.c:64: error: size of array 'test_array' is negative
configure:4115: $? = 1
configure: failed program was:
| /* confdefs.h */
| #define PACKAGE_NAME ""
| #define PACKAGE_TARNAME ""
| #define PACKAGE_VERSION ""
| #define PACKAGE_STRING ""
| #define PACKAGE_BUGREPORT ""
| #define PACKAGE_URL ""
| #define STDC_HEADERS 1
| #define HAVE_SYS_TYPES_H 1
| #define HAVE_SYS_STAT_H 1
| #define HAVE_STDLIB_H 1
| #define HAVE_STRING_H 1
| #define HAVE_MEMORY_H 1
| #define HAVE_STRINGS_H 1
| #define HAVE_INTTYPES_H 1
| #define HAVE_STDINT_H 1
| #define HAVE_UNISTD_H 1
| #define HAVE_UNISTD_H 1
| #define HAVE_STDINT_H 1
| #define HAVE_FCNTL_H 1
| #define HAVE_ELF_H 1
| #define __LIBELF_HEADER_ELF_H <elf.h>
| #define HAVE_LIBELF_H 1
| #define HAVE_GELF_H 1
| #define SIZEOF_SHORT 2
| #define SIZEOF_INT 4
| /* end confdefs.h.  */
| #include <stdio.h>
| #ifdef HAVE_SYS_TYPES_H
| # include <sys/types.h>
| #endif
| #ifdef HAVE_SYS_STAT_H
| # include <sys/stat.h>
| #endif
| #ifdef STDC_HEADERS
| # include <stdlib.h>
| # include <stddef.h>
| #else
| # ifdef HAVE_STDLIB_H
| #  include <stdlib.h>
| # endif
| #endif
| #ifdef HAVE_STRING_H
| # if !defined STDC_HEADERS && defined HAVE_MEMORY_H
| #  include <memory.h>
| # endif
| # include <string.h>
| #endif
| #ifdef HAVE_STRINGS_H
| # include <strings.h>
| #endif
| #ifdef HAVE_INTTYPES_H
| # include <inttypes.h>
| #endif
| #ifdef HAVE_STDINT_H
| # include <stdint.h>
| #endif
| #ifdef HAVE_UNISTD_H
| # include <unistd.h>
| #endif
| int
| main ()
| {
| static int test_array [1 - 2 * !(((long int) (sizeof (long))) <= 0)];
| test_array [0] = 0
| 
|   ;
|   return 0;
| }
configure:4115: /home/indal.choi/bin/android-ndk-r7/toolchains/arm-linux-androideabi-4.4.3/prebuilt/linux-x86/bin/arm-linux-androideabi-gcc -c --sysroot=/home/indal.choi/bin/android-ndk-r7/platforms/android-9/arch-arm --sysroot=/home/indal.choi/bin/android-ndk-r7/platforms/android-9/arch-arm conftest.c >&5
conftest.c: In function 'main':
conftest.c:64: error: size of array 'test_array' is negative
configure:4115: $? = 1
configure: failed program was:
| /* confdefs.h */
| #define PACKAGE_NAME ""
| #define PACKAGE_TARNAME ""
| #define PACKAGE_VERSION ""
| #define PACKAGE_STRING ""
| #define PACKAGE_BUGREPORT ""
| #define PACKAGE_URL ""
| #define STDC_HEADERS 1
| #define HAVE_SYS_TYPES_H 1
| #define HAVE_SYS_STAT_H 1
| #define HAVE_STDLIB_H 1
| #define HAVE_STRING_H 1
| #define HAVE_MEMORY_H 1
| #define HAVE_STRINGS_H 1
| #define HAVE_INTTYPES_H 1
| #define HAVE_STDINT_H 1
| #define HAVE_UNISTD_H 1
| #define HAVE_UNISTD_H 1
| #define HAVE_STDINT_H 1
| #define HAVE_FCNTL_H 1
| #define HAVE_ELF_H 1
| #define __LIBELF_HEADER_ELF_H <elf.h>
| #define HAVE_LIBELF_H 1
| #define HAVE_GELF_H 1
| #define SIZEOF_SHORT 2
| #define SIZEOF_INT 4
| /* end confdefs.h.  */
| #include <stdio.h>
| #ifdef HAVE_SYS_TYPES_H
| # include <sys/types.h>
| #endif
| #ifdef HAVE_SYS_STAT_H
| # include <sys/stat.h>
| #endif
| #ifdef STDC_HEADERS
| # include <stdlib.h>
| # include <stddef.h>
| #else
| # ifdef HAVE_STDLIB_H
| #  include <stdlib.h>
| # endif
| #endif
| #ifdef HAVE_STRING_H
| # if !defined STDC_HEADERS && defined HAVE_MEMORY_H
| #  include <memory.h>
| # endif
| # include <string.h>
| #endif
| #ifdef HAVE_STRINGS_H
| # include <strings.h>
| #endif
| #ifdef HAVE_INTTYPES_H
| # include <inttypes.h>
| #endif
| #ifdef HAVE_STDINT_H
| # include <stdint.h>
| #endif
| #ifdef HAVE_UNISTD_H
| # include <unistd.h>
| #endif
| int
| main ()
| {
| static int test_array [1 - 2 * !(((long int) (sizeof (long))) <= 1)];
| test_array [0] = 0
| 
|   ;
|   return 0;
| }
configure:4115: /home/indal.choi/bin/android-ndk-r7/toolchains/arm-linux-androideabi-4.4.3/prebuilt/linux-x86/bin/arm-linux-androideabi-gcc -c --sysroot=/home/indal.choi/bin/android-ndk-r7/platforms/android-9/arch-arm --sysroot=/home/indal.choi/bin/android-ndk-r7/platforms/android-9/arch-arm conftest.c >&5
conftest.c: In function 'main':
conftest.c:64: error: size of array 'test_array' is negative
configure:4115: $? = 1
configure: failed program was:
| /* confdefs.h */
| #define PACKAGE_NAME ""
| #define PACKAGE_TARNAME ""
| #define PACKAGE_VERSION ""
| #define PACKAGE_STRING ""
| #define PACKAGE_BUGREPORT ""
| #define PACKAGE_URL ""
| #define STDC_HEADERS 1
| #define HAVE_SYS_TYPES_H 1
| #define HAVE_SYS_STAT_H 1
| #define HAVE_STDLIB_H 1
| #define HAVE_STRING_H 1
| #define HAVE_MEMORY_H 1
| #define HAVE_STRINGS_H 1
| #define HAVE_INTTYPES_H 1
| #define HAVE_STDINT_H 1
| #define HAVE_UNISTD_H 1
| #define HAVE_UNISTD_H 1
| #define HAVE_STDINT_H 1
| #define HAVE_FCNTL_H 1
| #define HAVE_ELF_H 1
| #define __LIBELF_HEADER_ELF_H <elf.h>
| #define HAVE_LIBELF_H 1
| #define HAVE_GELF_H 1
| #define SIZEOF_SHORT 2
| #define SIZEOF_INT 4
| /* end confdefs.h.  */
| #include <stdio.h>
| #ifdef HAVE_SYS_TYPES_H
| # include <sys/types.h>
| #endif
| #ifdef HAVE_SYS_STAT_H
| # include <sys/stat.h>
| #endif
| #ifdef STDC_HEADERS
| # include <stdlib.h>
| # include <stddef.h>
| #else
| # ifdef HAVE_STDLIB_H
| #  include <stdlib.h>
| # endif
| #endif
| #ifdef HAVE_STRING_H
| # if !defined STDC_HEADERS && defined HAVE_MEMORY_H
| #  include <memory.h>
| # endif
| # include <string.h>
| #endif
| #ifdef HAVE_STRINGS_H
| # include <strings.h>
| #endif
| #ifdef HAVE_INTTYPES_H
| # include <inttypes.h>
| #endif
| #ifdef HAVE_STDINT_H
| # include <stdint.h>
| #endif
| #ifdef HAVE_UNISTD_H
| # include <unistd.h>
| #endif
| int
| main ()
| {
| static int test_array [1 - 2 * !(((long int) (sizeof (long))) <= 3)];
| test_array [0] = 0
| 
|   ;
|   return 0;
| }
configure:4115: /home/indal.choi/bin/android-ndk-r7/toolchains/arm-linux-androideabi-4.4.3/prebuilt/linux-x86/bin/arm-linux-androideabi-gcc -c --sysroot=/home/indal.choi/bin/android-ndk-r7/platforms/android-9/arch-arm --sysroot=/home/indal.choi/bin/android-ndk-r7/platforms/android-9/arch-arm conftest.c >&5
configure:4115: $? = 0
configure:4115: /home/indal.choi/bin/android-ndk-r7/toolchains/arm-linux-androideabi-4.4.3/prebuilt/linux-x86/bin/arm-linux-androideabi-gcc -c --sysroot=/home/indal.choi/bin/android-ndk-r7/platforms/android-9/arch-arm --sysroot=/home/indal.choi/bin/android-ndk-r7/platforms/android-9/arch-arm conftest.c >&5
configure:4115: $? = 0
configure:4115: /home/indal.choi/bin/android-ndk-r7/toolchains/arm-linux-androideabi-4.4.3/prebuilt/linux-x86/bin/arm-linux-androideabi-gcc -c --sysroot=/home/indal.choi/bin/android-ndk-r7/platforms/android-9/arch-arm --sysroot=/home/indal.choi/bin/android-ndk-r7/platforms/android-9/arch-arm conftest.c >&5
configure:4115: $? = 0
configure:4129: result: 4
configure:4143: checking size of long long
configure:4148: /home/indal.choi/bin/android-ndk-r7/toolchains/arm-linux-androideabi-4.4.3/prebuilt/linux-x86/bin/arm-linux-androideabi-gcc -c --sysroot=/home/indal.choi/bin/android-ndk-r7/platforms/android-9/arch-arm --sysroot=/home/indal.choi/bin/android-ndk-r7/platforms/android-9/arch-arm conftest.c >&5
configure:4148: $? = 0
configure:4148: /home/indal.choi/bin/android-ndk-r7/toolchains/arm-linux-androideabi-4.4.3/prebuilt/linux-x86/bin/arm-linux-androideabi-gcc -c --sysroot=/home/indal.choi/bin/android-ndk-r7/platforms/android-9/arch-arm --sysroot=/home/indal.choi/bin/android-ndk-r7/platforms/android-9/arch-arm conftest.c >&5
conftest.c: In function 'main':
conftest.c:65: error: size of array 'test_array' is negative
configure:4148: $? = 1
configure: failed program was:
| /* confdefs.h */
| #define PACKAGE_NAME ""
| #define PACKAGE_TARNAME ""
| #define PACKAGE_VERSION ""
| #define PACKAGE_STRING ""
| #define PACKAGE_BUGREPORT ""
| #define PACKAGE_URL ""
| #define STDC_HEADERS 1
| #define HAVE_SYS_TYPES_H 1
| #define HAVE_SYS_STAT_H 1
| #define HAVE_STDLIB_H 1
| #define HAVE_STRING_H 1
| #define HAVE_MEMORY_H 1
| #define HAVE_STRINGS_H 1
| #define HAVE_INTTYPES_H 1
| #define HAVE_STDINT_H 1
| #define HAVE_UNISTD_H 1
| #define HAVE_UNISTD_H 1
| #define HAVE_STDINT_H 1
| #define HAVE_FCNTL_H 1
| #define HAVE_ELF_H 1
| #define __LIBELF_HEADER_ELF_H <elf.h>
| #define HAVE_LIBELF_H 1
| #define HAVE_GELF_H 1
| #define SIZEOF_SHORT 2
| #define SIZEOF_INT 4
| #define SIZEOF_LONG 4
| /* end confdefs.h.  */
| #include <stdio.h>
| #ifdef HAVE_SYS_TYPES_H
| # include <sys/types.h>
| #endif
| #ifdef HAVE_SYS_STAT_H
| # include <sys/stat.h>
| #endif
| #ifdef STDC_HEADERS
| # include <stdlib.h>
| # include <stddef.h>
| #else
| # ifdef HAVE_STDLIB_H
| #  include <stdlib.h>
| # endif
| #endif
| #ifdef HAVE_STRING_H
| # if !defined STDC_HEADERS && defined HAVE_MEMORY_H
| #  include <memory.h>
| # endif
| # include <string.h>
| #endif
| #ifdef HAVE_STRINGS_H
| # include <strings.h>
| #endif
| #ifdef HAVE_INTTYPES_H
| # include <inttypes.h>
| #endif
| #ifdef HAVE_STDINT_H
| # include <stdint.h>
| #endif
| #ifdef HAVE_UNISTD_H
| # include <unistd.h>
| #endif
| int
| main ()
| {
| static int test_array [1 - 2 * !(((long int) (sizeof (long long))) <= 0)];
| test_array [0] = 0
| 
|   ;
|   return 0;
| }
configure:4148: /home/indal.choi/bin/android-ndk-r7/toolchains/arm-linux-androideabi-4.4.3/prebuilt/linux-x86/bin/arm-linux-androideabi-gcc -c --sysroot=/home/indal.choi/bin/android-ndk-r7/platforms/android-9/arch-arm --sysroot=/home/indal.choi/bin/android-ndk-r7/platforms/android-9/arch-arm conftest.c >&5
conftest.c: In function 'main':
conftest.c:65: error: size of array 'test_array' is negative
configure:4148: $? = 1
configure: failed program was:
| /* confdefs.h */
| #define PACKAGE_NAME ""
| #define PACKAGE_TARNAME ""
| #define PACKAGE_VERSION ""
| #define PACKAGE_STRING ""
| #define PACKAGE_BUGREPORT ""
| #define PACKAGE_URL ""
| #define STDC_HEADERS 1
| #define HAVE_SYS_TYPES_H 1
| #define HAVE_SYS_STAT_H 1
| #define HAVE_STDLIB_H 1
| #define HAVE_STRING_H 1
| #define HAVE_MEMORY_H 1
| #define HAVE_STRINGS_H 1
| #define HAVE_INTTYPES_H 1
| #define HAVE_STDINT_H 1
| #define HAVE_UNISTD_H 1
| #define HAVE_UNISTD_H 1
| #define HAVE_STDINT_H 1
| #define HAVE_FCNTL_H 1
| #define HAVE_ELF_H 1
| #define __LIBELF_HEADER_ELF_H <elf.h>
| #define HAVE_LIBELF_H 1
| #define HAVE_GELF_H 1
| #define SIZEOF_SHORT 2
| #define SIZEOF_INT 4
| #define SIZEOF_LONG 4
| /* end confdefs.h.  */
| #include <stdio.h>
| #ifdef HAVE_SYS_TYPES_H
| # include <sys/types.h>
| #endif
| #ifdef HAVE_SYS_STAT_H
| # include <sys/stat.h>
| #endif
| #ifdef STDC_HEADERS
| # include <stdlib.h>
| # include <stddef.h>
| #else
| # ifdef HAVE_STDLIB_H
| #  include <stdlib.h>
| # endif
| #endif
| #ifdef HAVE_STRING_H
| # if !defined STDC_HEADERS && defined HAVE_MEMORY_H
| #  include <memory.h>
| # endif
| # include <string.h>
| #endif
| #ifdef HAVE_STRINGS_H
| # include <strings.h>
| #endif
| #ifdef HAVE_INTTYPES_H
| # include <inttypes.h>
| #endif
| #ifdef HAVE_STDINT_H
| # include <stdint.h>
| #endif
| #ifdef HAVE_UNISTD_H
| # include <unistd.h>
| #endif
| int
| main ()
| {
| static int test_array [1 - 2 * !(((long int) (sizeof (long long))) <= 1)];
| test_array [0] = 0
| 
|   ;
|   return 0;
| }
configure:4148: /home/indal.choi/bin/android-ndk-r7/toolchains/arm-linux-androideabi-4.4.3/prebuilt/linux-x86/bin/arm-linux-androideabi-gcc -c --sysroot=/home/indal.choi/bin/android-ndk-r7/platforms/android-9/arch-arm --sysroot=/home/indal.choi/bin/android-ndk-r7/platforms/android-9/arch-arm conftest.c >&5
conftest.c: In function 'main':
conftest.c:65: error: size of array 'test_array' is negative
configure:4148: $? = 1
configure: failed program was:
| /* confdefs.h */
| #define PACKAGE_NAME ""
| #define PACKAGE_TARNAME ""
| #define PACKAGE_VERSION ""
| #define PACKAGE_STRING ""
| #define PACKAGE_BUGREPORT ""
| #define PACKAGE_URL ""
| #define STDC_HEADERS 1
| #define HAVE_SYS_TYPES_H 1
| #define HAVE_SYS_STAT_H 1
| #define HAVE_STDLIB_H 1
| #define HAVE_STRING_H 1
| #define HAVE_MEMORY_H 1
| #define HAVE_STRINGS_H 1
| #define HAVE_INTTYPES_H 1
| #define HAVE_STDINT_H 1
| #define HAVE_UNISTD_H 1
| #define HAVE_UNISTD_H 1
| #define HAVE_STDINT_H 1
| #define HAVE_FCNTL_H 1
| #define HAVE_ELF_H 1
| #define __LIBELF_HEADER_ELF_H <elf.h>
| #define HAVE_LIBELF_H 1
| #define HAVE_GELF_H 1
| #define SIZEOF_SHORT 2
| #define SIZEOF_INT 4
| #define SIZEOF_LONG 4
| /* end confdefs.h.  */
| #include <stdio.h>
| #ifdef HAVE_SYS_TYPES_H
| # include <sys/types.h>
| #endif
| #ifdef HAVE_SYS_STAT_H
| # include <sys/stat.h>
| #endif
| #ifdef STDC_HEADERS
| # include <stdlib.h>
| # include <stddef.h>
| #else
| # ifdef HAVE_STDLIB_H
| #  include <stdlib.h>
| # endif
| #endif
| #ifdef HAVE_STRING_H
| # if !defined STDC_HEADERS && defined HAVE_MEMORY_H
| #  include <memory.h>
| # endif
| # include <string.h>
| #endif
| #ifdef HAVE_STRINGS_H
| # include <strings.h>
| #endif
| #ifdef HAVE_INTTYPES_H
| # include <inttypes.h>
| #endif
| #ifdef HAVE_STDINT_H
| # include <stdint.h>
| #endif
| #ifdef HAVE_UNISTD_H
| # include <unistd.h>
| #endif
| int
| main ()
| {
| static int test_array [1 - 2 * !(((long int) (sizeof (long long))) <= 3)];
| test_array [0] = 0
| 
|   ;
|   return 0;
| }
configure:4148: /home/indal.choi/bin/android-ndk-r7/toolchains/arm-linux-androideabi-4.4.3/prebuilt/linux-x86/bin/arm-linux-androideabi-gcc -c --sysroot=/home/indal.choi/bin/android-ndk-r7/platforms/android-9/arch-arm --sysroot=/home/indal.choi/bin/android-ndk-r7/platforms/android-9/arch-arm conftest.c >&5
conftest.c: In function 'main':
conftest.c:65: error: size of array 'test_array' is negative
configure:4148: $? = 1
configure: failed program was:
| /* confdefs.h */
| #define PACKAGE_NAME ""
| #define PACKAGE_TARNAME ""
| #define PACKAGE_VERSION ""
| #define PACKAGE_STRING ""
| #define PACKAGE_BUGREPORT ""
| #define PACKAGE_URL ""
| #define STDC_HEADERS 1
| #define HAVE_SYS_TYPES_H 1
| #define HAVE_SYS_STAT_H 1
| #define HAVE_STDLIB_H 1
| #define HAVE_STRING_H 1
| #define HAVE_MEMORY_H 1
| #define HAVE_STRINGS_H 1
| #define HAVE_INTTYPES_H 1
| #define HAVE_STDINT_H 1
| #define HAVE_UNISTD_H 1
| #define HAVE_UNISTD_H 1
| #define HAVE_STDINT_H 1
| #define HAVE_FCNTL_H 1
| #define HAVE_ELF_H 1
| #define __LIBELF_HEADER_ELF_H <elf.h>
| #define HAVE_LIBELF_H 1
| #define HAVE_GELF_H 1
| #define SIZEOF_SHORT 2
| #define SIZEOF_INT 4
| #define SIZEOF_LONG 4
| /* end confdefs.h.  */
| #include <stdio.h>
| #ifdef HAVE_SYS_TYPES_H
| # include <sys/types.h>
| #endif
| #ifdef HAVE_SYS_STAT_H
| # include <sys/stat.h>
| #endif
| #ifdef STDC_HEADERS
| # include <stdlib.h>
| # include <stddef.h>
| #else
| # ifdef HAVE_STDLIB_H
| #  include <stdlib.h>
| # endif
| #endif
| #ifdef HAVE_STRING_H
| # if !defined STDC_HEADERS && defined HAVE_MEMORY_H
| #  include <memory.h>
| # endif
| # include <string.h>
| #endif
| #ifdef HAVE_STRINGS_H
| # include <strings.h>
| #endif
| #ifdef HAVE_INTTYPES_H
| # include <inttypes.h>
| #endif
| #ifdef HAVE_STDINT_H
| # include <stdint.h>
| #endif
| #ifdef HAVE_UNISTD_H
| # include <unistd.h>
| #endif
| int
| main ()
| {
| static int test_array [1 - 2 * !(((long int) (sizeof (long long))) <= 7)];
| test_array [0] = 0
| 
|   ;
|   return 0;
| }
configure:4148: /home/indal.choi/bin/android-ndk-r7/toolchains/arm-linux-androideabi-4.4.3/prebuilt/linux-x86/bin/arm-linux-androideabi-gcc -c --sysroot=/home/indal.choi/bin/android-ndk-r7/platforms/android-9/arch-arm --sysroot=/home/indal.choi/bin/android-ndk-r7/platforms/android-9/arch-arm conftest.c >&5
configure:4148: $? = 0
configure:4148: /home/indal.choi/bin/android-ndk-r7/toolchains/arm-linux-androideabi-4.4.3/prebuilt/linux-x86/bin/arm-linux-androideabi-gcc -c --sysroot=/home/indal.choi/bin/android-ndk-r7/platforms/android-9/arch-arm --sysroot=/home/indal.choi/bin/android-ndk-r7/platforms/android-9/arch-arm conftest.c >&5
configure:4148: $? = 0
configure:4148: /home/indal.choi/bin/android-ndk-r7/toolchains/arm-linux-androideabi-4.4.3/prebuilt/linux-x86/bin/arm-linux-androideabi-gcc -c --sysroot=/home/indal.choi/bin/android-ndk-r7/platforms/android-9/arch-arm --sysroot=/home/indal.choi/bin/android-ndk-r7/platforms/android-9/arch-arm conftest.c >&5
configure:4148: $? = 0
configure:4148: /home/indal.choi/bin/android-ndk-r7/toolchains/arm-linux-androideabi-4.4.3/prebuilt/linux-x86/bin/arm-linux-androideabi-gcc -c --sysroot=/home/indal.choi/bin/android-ndk-r7/platforms/android-9/arch-arm --sysroot=/home/indal.choi/bin/android-ndk-r7/platforms/android-9/arch-arm conftest.c >&5
configure:4148: $? = 0
configure:4162: result: 8
configure:4177: checking size of __int64
configure:4182: /home/indal.choi/bin/android-ndk-r7/toolchains/arm-linux-androideabi-4.4.3/prebuilt/linux-x86/bin/arm-linux-androideabi-gcc -c --sysroot=/home/indal.choi/bin/android-ndk-r7/platforms/android-9/arch-arm --sysroot=/home/indal.choi/bin/android-ndk-r7/platforms/android-9/arch-arm conftest.c >&5
conftest.c: In function 'main':
conftest.c:66: error: '__int64' undeclared (first use in this function)
conftest.c:66: error: (Each undeclared identifier is reported only once
conftest.c:66: error: for each function it appears in.)
configure:4182: $? = 1
configure: failed program was:
| /* confdefs.h */
| #define PACKAGE_NAME ""
| #define PACKAGE_TARNAME ""
| #define PACKAGE_VERSION ""
| #define PACKAGE_STRING ""
| #define PACKAGE_BUGREPORT ""
| #define PACKAGE_URL ""
| #define STDC_HEADERS 1
| #define HAVE_SYS_TYPES_H 1
| #define HAVE_SYS_STAT_H 1
| #define HAVE_STDLIB_H 1
| #define HAVE_STRING_H 1
| #define HAVE_MEMORY_H 1
| #define HAVE_STRINGS_H 1
| #define HAVE_INTTYPES_H 1
| #define HAVE_STDINT_H 1
| #define HAVE_UNISTD_H 1
| #define HAVE_UNISTD_H 1
| #define HAVE_STDINT_H 1
| #define HAVE_FCNTL_H 1
| #define HAVE_ELF_H 1
| #define __LIBELF_HEADER_ELF_H <elf.h>
| #define HAVE_LIBELF_H 1
| #define HAVE_GELF_H 1
| #define SIZEOF_SHORT 2
| #define SIZEOF_INT 4
| #define SIZEOF_LONG 4
| #define SIZEOF_LONG_LONG 8
| /* end confdefs.h.  */
| #include <stdio.h>
| #ifdef HAVE_SYS_TYPES_H
| # include <sys/types.h>
| #endif
| #ifdef HAVE_SYS_STAT_H
| # include <sys/stat.h>
| #endif
| #ifdef STDC_HEADERS
| # include <stdlib.h>
| # include <stddef.h>
| #else
| # ifdef HAVE_STDLIB_H
| #  include <stdlib.h>
| # endif
| #endif
| #ifdef HAVE_STRING_H
| # if !defined STDC_HEADERS && defined HAVE_MEMORY_H
| #  include <memory.h>
| # endif
| # include <string.h>
| #endif
| #ifdef HAVE_STRINGS_H
| # include <strings.h>
| #endif
| #ifdef HAVE_INTTYPES_H
| # include <inttypes.h>
| #endif
| #ifdef HAVE_STDINT_H
| # include <stdint.h>
| #endif
| #ifdef HAVE_UNISTD_H
| # include <unistd.h>
| #endif
| int
| main ()
| {
| static int test_array [1 - 2 * !(((long int) (sizeof (__int64))) >= 0)];
| test_array [0] = 0
| 
|   ;
|   return 0;
| }
configure:4182: /home/indal.choi/bin/android-ndk-r7/toolchains/arm-linux-androideabi-4.4.3/prebuilt/linux-x86/bin/arm-linux-androideabi-gcc -c --sysroot=/home/indal.choi/bin/android-ndk-r7/platforms/android-9/arch-arm --sysroot=/home/indal.choi/bin/android-ndk-r7/platforms/android-9/arch-arm conftest.c >&5
conftest.c: In function 'main':
conftest.c:66: error: '__int64' undeclared (first use in this function)
conftest.c:66: error: (Each undeclared identifier is reported only once
conftest.c:66: error: for each function it appears in.)
configure:4182: $? = 1
configure: failed program was:
| /* confdefs.h */
| #define PACKAGE_NAME ""
| #define PACKAGE_TARNAME ""
| #define PACKAGE_VERSION ""
| #define PACKAGE_STRING ""
| #define PACKAGE_BUGREPORT ""
| #define PACKAGE_URL ""
| #define STDC_HEADERS 1
| #define HAVE_SYS_TYPES_H 1
| #define HAVE_SYS_STAT_H 1
| #define HAVE_STDLIB_H 1
| #define HAVE_STRING_H 1
| #define HAVE_MEMORY_H 1
| #define HAVE_STRINGS_H 1
| #define HAVE_INTTYPES_H 1
| #define HAVE_STDINT_H 1
| #define HAVE_UNISTD_H 1
| #define HAVE_UNISTD_H 1
| #define HAVE_STDINT_H 1
| #define HAVE_FCNTL_H 1
| #define HAVE_ELF_H 1
| #define __LIBELF_HEADER_ELF_H <elf.h>
| #define HAVE_LIBELF_H 1
| #define HAVE_GELF_H 1
| #define SIZEOF_SHORT 2
| #define SIZEOF_INT 4
| #define SIZEOF_LONG 4
| #define SIZEOF_LONG_LONG 8
| /* end confdefs.h.  */
| #include <stdio.h>
| #ifdef HAVE_SYS_TYPES_H
| # include <sys/types.h>
| #endif
| #ifdef HAVE_SYS_STAT_H
| # include <sys/stat.h>
| #endif
| #ifdef STDC_HEADERS
| # include <stdlib.h>
| # include <stddef.h>
| #else
| # ifdef HAVE_STDLIB_H
| #  include <stdlib.h>
| # endif
| #endif
| #ifdef HAVE_STRING_H
| # if !defined STDC_HEADERS && defined HAVE_MEMORY_H
| #  include <memory.h>
| # endif
| # include <string.h>
| #endif
| #ifdef HAVE_STRINGS_H
| # include <strings.h>
| #endif
| #ifdef HAVE_INTTYPES_H
| # include <inttypes.h>
| #endif
| #ifdef HAVE_STDINT_H
| # include <stdint.h>
| #endif
| #ifdef HAVE_UNISTD_H
| # include <unistd.h>
| #endif
| int
| main ()
| {
| static int test_array [1 - 2 * !(((long int) (sizeof (__int64))) < 0)];
| test_array [0] = 0
| 
|   ;
|   return 0;
| }
configure:4196: result: 0
configure:4212: checking for struct Elf32_Dyn
configure:4229: /home/indal.choi/bin/android-ndk-r7/toolchains/arm-linux-androideabi-4.4.3/prebuilt/linux-x86/bin/arm-linux-androideabi-gcc -c --sysroot=/home/indal.choi/bin/android-ndk-r7/platforms/android-9/arch-arm --sysroot=/home/indal.choi/bin/android-ndk-r7/platforms/android-9/arch-arm conftest.c >&5
configure:4229: $? = 0
configure:4268: result: yes
configure:4281: checking for struct nlist in elf.h
configure:4298: /home/indal.choi/bin/android-ndk-r7/toolchains/arm-linux-androideabi-4.4.3/prebuilt/linux-x86/bin/arm-linux-androideabi-gcc -c --sysroot=/home/indal.choi/bin/android-ndk-r7/platforms/android-9/arch-arm --sysroot=/home/indal.choi/bin/android-ndk-r7/platforms/android-9/arch-arm conftest.c >&5
conftest.c: In function 'main':
conftest.c:35: error: storage size of 'nl' isn't known
configure:4298: $? = 1
configure: failed program was:
| /* confdefs.h */
| #define PACKAGE_NAME ""
| #define PACKAGE_TARNAME ""
| #define PACKAGE_VERSION ""
| #define PACKAGE_STRING ""
| #define PACKAGE_BUGREPORT ""
| #define PACKAGE_URL ""
| #define STDC_HEADERS 1
| #define HAVE_SYS_TYPES_H 1
| #define HAVE_SYS_STAT_H 1
| #define HAVE_STDLIB_H 1
| #define HAVE_STRING_H 1
| #define HAVE_MEMORY_H 1
| #define HAVE_STRINGS_H 1
| #define HAVE_INTTYPES_H 1
| #define HAVE_STDINT_H 1
| #define HAVE_UNISTD_H 1
| #define HAVE_UNISTD_H 1
| #define HAVE_STDINT_H 1
| #define HAVE_FCNTL_H 1
| #define HAVE_ELF_H 1
| #define __LIBELF_HEADER_ELF_H <elf.h>
| #define HAVE_LIBELF_H 1
| #define HAVE_GELF_H 1
| #define SIZEOF_SHORT 2
| #define SIZEOF_INT 4
| #define SIZEOF_LONG 4
| #define SIZEOF_LONG_LONG 8
| #define SIZEOF___INT64 0
| /* end confdefs.h.  */
| #include __LIBELF_HEADER_ELF_H
| int
| main ()
| {
| struct nlist nl
|   ;
|   return 0;
| }
configure:4305: result: no
configure:4313: checking for struct Elf64_Ehdr
configure:4329: /home/indal.choi/bin/android-ndk-r7/toolchains/arm-linux-androideabi-4.4.3/prebuilt/linux-x86/bin/arm-linux-androideabi-gcc -c --sysroot=/home/indal.choi/bin/android-ndk-r7/platforms/android-9/arch-arm --sysroot=/home/indal.choi/bin/android-ndk-r7/platforms/android-9/arch-arm conftest.c >&5
configure:4329: $? = 0
configure:4336: result: yes
configure:4340: checking for Elf64_Addr
configure:4356: /home/indal.choi/bin/android-ndk-r7/toolchains/arm-linux-androideabi-4.4.3/prebuilt/linux-x86/bin/arm-linux-androideabi-gcc -c --sysroot=/home/indal.choi/bin/android-ndk-r7/platforms/android-9/arch-arm --sysroot=/home/indal.choi/bin/android-ndk-r7/platforms/android-9/arch-arm conftest.c >&5
configure:4356: $? = 0
configure:4363: result: yes
configure:4367: checking for struct Elf64_Rel
configure:4383: /home/indal.choi/bin/android-ndk-r7/toolchains/arm-linux-androideabi-4.4.3/prebuilt/linux-x86/bin/arm-linux-androideabi-gcc -c --sysroot=/home/indal.choi/bin/android-ndk-r7/platforms/android-9/arch-arm --sysroot=/home/indal.choi/bin/android-ndk-r7/platforms/android-9/arch-arm conftest.c >&5
configure:4383: $? = 0
configure:4406: result: yes
configure:4427: checking for Elf32_Verdef
configure:4451: /home/indal.choi/bin/android-ndk-r7/toolchains/arm-linux-androideabi-4.4.3/prebuilt/linux-x86/bin/arm-linux-androideabi-gcc -c --sysroot=/home/indal.choi/bin/android-ndk-r7/platforms/android-9/arch-arm --sysroot=/home/indal.choi/bin/android-ndk-r7/platforms/android-9/arch-arm conftest.c >&5
configure:4451: $? = 0
configure:4458: result: yes
configure:4461: checking for Elf64_Verdef
configure:4485: /home/indal.choi/bin/android-ndk-r7/toolchains/arm-linux-androideabi-4.4.3/prebuilt/linux-x86/bin/arm-linux-androideabi-gcc -c --sysroot=/home/indal.choi/bin/android-ndk-r7/platforms/android-9/arch-arm --sysroot=/home/indal.choi/bin/android-ndk-r7/platforms/android-9/arch-arm conftest.c >&5
configure:4485: $? = 0
configure:4492: result: yes
configure:4495: checking for SHT_SUNW_verdef
configure:4511: /home/indal.choi/bin/android-ndk-r7/toolchains/arm-linux-androideabi-4.4.3/prebuilt/linux-x86/bin/arm-linux-androideabi-gcc -c --sysroot=/home/indal.choi/bin/android-ndk-r7/platforms/android-9/arch-arm --sysroot=/home/indal.choi/bin/android-ndk-r7/platforms/android-9/arch-arm conftest.c >&5
conftest.c: In function 'main':
conftest.c:35: error: 'SHT_SUNW_verdef' undeclared (first use in this function)
conftest.c:35: error: (Each undeclared identifier is reported only once
conftest.c:35: error: for each function it appears in.)
conftest.c:35: error: 'SHT_SUNW_verneed' undeclared (first use in this function)
conftest.c:35: error: 'SHT_SUNW_versym' undeclared (first use in this function)
configure:4511: $? = 1
configure: failed program was:
| /* confdefs.h */
| #define PACKAGE_NAME ""
| #define PACKAGE_TARNAME ""
| #define PACKAGE_VERSION ""
| #define PACKAGE_STRING ""
| #define PACKAGE_BUGREPORT ""
| #define PACKAGE_URL ""
| #define STDC_HEADERS 1
| #define HAVE_SYS_TYPES_H 1
| #define HAVE_SYS_STAT_H 1
| #define HAVE_STDLIB_H 1
| #define HAVE_STRING_H 1
| #define HAVE_MEMORY_H 1
| #define HAVE_STRINGS_H 1
| #define HAVE_INTTYPES_H 1
| #define HAVE_STDINT_H 1
| #define HAVE_UNISTD_H 1
| #define HAVE_UNISTD_H 1
| #define HAVE_STDINT_H 1
| #define HAVE_FCNTL_H 1
| #define HAVE_ELF_H 1
| #define __LIBELF_HEADER_ELF_H <elf.h>
| #define HAVE_LIBELF_H 1
| #define HAVE_GELF_H 1
| #define SIZEOF_SHORT 2
| #define SIZEOF_INT 4
| #define SIZEOF_LONG 4
| #define SIZEOF_LONG_LONG 8
| #define SIZEOF___INT64 0
| /* end confdefs.h.  */
| #include __LIBELF_HEADER_ELF_H
| int
| main ()
| {
| Elf32_Word x = SHT_SUNW_verdef + SHT_SUNW_verneed + SHT_SUNW_versym
|   ;
|   return 0;
| }
configure:4518: result: no
configure:4521: checking for SHT_GNU_verdef
configure:4537: /home/indal.choi/bin/android-ndk-r7/toolchains/arm-linux-androideabi-4.4.3/prebuilt/linux-x86/bin/arm-linux-androideabi-gcc -c --sysroot=/home/indal.choi/bin/android-ndk-r7/platforms/android-9/arch-arm --sysroot=/home/indal.choi/bin/android-ndk-r7/platforms/android-9/arch-arm conftest.c >&5
conftest.c: In function 'main':
conftest.c:35: warning: integer overflow in expression
configure:4537: $? = 0
configure:4544: result: yes
configure:4557: checking for 64-bit integer
configure:4573: result: long long
configure:4588: checking for 32-bit integer
configure:4602: result: int
configure:4617: checking for 16-bit integer
configure:4631: result: short
configure:4652: checking for stdlib.h
configure:4652: result: yes
configure:4652: checking for unistd.h
configure:4652: result: yes
configure:4652: checking for sys/param.h
configure:4652: /home/indal.choi/bin/android-ndk-r7/toolchains/arm-linux-androideabi-4.4.3/prebuilt/linux-x86/bin/arm-linux-androideabi-gcc -c --sysroot=/home/indal.choi/bin/android-ndk-r7/platforms/android-9/arch-arm --sysroot=/home/indal.choi/bin/android-ndk-r7/platforms/android-9/arch-arm conftest.c >&5
configure:4652: $? = 0
configure:4652: result: yes
configure:4672: checking for getpagesize
configure:4672: /home/indal.choi/bin/android-ndk-r7/toolchains/arm-linux-androideabi-4.4.3/prebuilt/linux-x86/bin/arm-linux-androideabi-gcc -o conftest --sysroot=/home/indal.choi/bin/android-ndk-r7/platforms/android-9/arch-arm --sysroot=/home/indal.choi/bin/android-ndk-r7/platforms/android-9/arch-arm  conftest.c  >&5
/tmp/ccYep47x.o: In function `main':
conftest.c:(.text+0x8): undefined reference to `getpagesize'
collect2: ld returned 1 exit status
configure:4672: $? = 1
configure: failed program was:
| /* confdefs.h */
| #define PACKAGE_NAME ""
| #define PACKAGE_TARNAME ""
| #define PACKAGE_VERSION ""
| #define PACKAGE_STRING ""
| #define PACKAGE_BUGREPORT ""
| #define PACKAGE_URL ""
| #define STDC_HEADERS 1
| #define HAVE_SYS_TYPES_H 1
| #define HAVE_SYS_STAT_H 1
| #define HAVE_STDLIB_H 1
| #define HAVE_STRING_H 1
| #define HAVE_MEMORY_H 1
| #define HAVE_STRINGS_H 1
| #define HAVE_INTTYPES_H 1
| #define HAVE_STDINT_H 1
| #define HAVE_UNISTD_H 1
| #define HAVE_UNISTD_H 1
| #define HAVE_STDINT_H 1
| #define HAVE_FCNTL_H 1
| #define HAVE_ELF_H 1
| #define __LIBELF_HEADER_ELF_H <elf.h>
| #define HAVE_LIBELF_H 1
| #define HAVE_GELF_H 1
| #define SIZEOF_SHORT 2
| #define SIZEOF_INT 4
| #define SIZEOF_LONG 4
| #define SIZEOF_LONG_LONG 8
| #define SIZEOF___INT64 0
| #define __libelf_i64_t long long
| #define __libelf_u64_t unsigned long long
| #define __libelf_i32_t int
| #define __libelf_u32_t unsigned int
| #define __libelf_i16_t short
| #define __libelf_u16_t unsigned short
| #define HAVE_STDLIB_H 1
| #define HAVE_UNISTD_H 1
| #define HAVE_SYS_PARAM_H 1
| /* end confdefs.h.  */
| /* Define getpagesize to an innocuous variant, in case <limits.h> declares getpagesize.
|    For example, HP-UX 11i <limits.h> declares gettimeofday.  */
| #define getpagesize innocuous_getpagesize
| 
| /* System header to define __stub macros and hopefully few prototypes,
|     which can conflict with char getpagesize (); below.
|     Prefer <limits.h> to <assert.h> if __STDC__ is defined, since
|     <limits.h> exists even on freestanding compilers.  */
| 
| #ifdef __STDC__
| # include <limits.h>
| #else
| # include <assert.h>
| #endif
| 
| #undef getpagesize
| 
| /* Override any GCC internal prototype to avoid an error.
|    Use char because int might match the return type of a GCC
|    builtin and then its argument prototype would still apply.  */
| #ifdef __cplusplus
| extern "C"
| #endif
| char getpagesize ();
| /* The GNU C library defines this for functions which it implements
|     to always fail with ENOSYS.  Some functions are actually named
|     something starting with __ and the normal name is an alias.  */
| #if defined __stub_getpagesize || defined __stub___getpagesize
| choke me
| #endif
| 
| int
| main ()
| {
| return getpagesize ();
|   ;
|   return 0;
| }
configure:4672: result: no
configure:4681: checking for working mmap
configure:4838: result: no
configure:4850: checking for ftruncate
configure:4850: /home/indal.choi/bin/android-ndk-r7/toolchains/arm-linux-androideabi-4.4.3/prebuilt/linux-x86/bin/arm-linux-androideabi-gcc -o conftest --sysroot=/home/indal.choi/bin/android-ndk-r7/platforms/android-9/arch-arm --sysroot=/home/indal.choi/bin/android-ndk-r7/platforms/android-9/arch-arm  conftest.c  >&5
configure:4850: $? = 0
configure:4850: result: yes
configure:4850: checking for memcmp
configure:4850: /home/indal.choi/bin/android-ndk-r7/toolchains/arm-linux-androideabi-4.4.3/prebuilt/linux-x86/bin/arm-linux-androideabi-gcc -o conftest --sysroot=/home/indal.choi/bin/android-ndk-r7/platforms/android-9/arch-arm --sysroot=/home/indal.choi/bin/android-ndk-r7/platforms/android-9/arch-arm  conftest.c  >&5
conftest.c:64: warning: conflicting types for built-in function 'memcmp'
configure:4850: $? = 0
configure:4850: result: yes
configure:4850: checking for memcpy
configure:4850: /home/indal.choi/bin/android-ndk-r7/toolchains/arm-linux-androideabi-4.4.3/prebuilt/linux-x86/bin/arm-linux-androideabi-gcc -o conftest --sysroot=/home/indal.choi/bin/android-ndk-r7/platforms/android-9/arch-arm --sysroot=/home/indal.choi/bin/android-ndk-r7/platforms/android-9/arch-arm  conftest.c  >&5
conftest.c:65: warning: conflicting types for built-in function 'memcpy'
configure:4850: $? = 0
configure:4850: result: yes
configure:4850: checking for memmove
configure:4850: /home/indal.choi/bin/android-ndk-r7/toolchains/arm-linux-androideabi-4.4.3/prebuilt/linux-x86/bin/arm-linux-androideabi-gcc -o conftest --sysroot=/home/indal.choi/bin/android-ndk-r7/platforms/android-9/arch-arm --sysroot=/home/indal.choi/bin/android-ndk-r7/platforms/android-9/arch-arm  conftest.c  >&5
conftest.c:66: warning: conflicting types for built-in function 'memmove'
configure:4850: $? = 0
configure:4850: result: yes
configure:4859: checking for memset
configure:4859: /home/indal.choi/bin/android-ndk-r7/toolchains/arm-linux-androideabi-4.4.3/prebuilt/linux-x86/bin/arm-linux-androideabi-gcc -o conftest --sysroot=/home/indal.choi/bin/android-ndk-r7/platforms/android-9/arch-arm --sysroot=/home/indal.choi/bin/android-ndk-r7/platforms/android-9/arch-arm  conftest.c  >&5
conftest.c:67: warning: conflicting types for built-in function 'memset'
configure:4859: $? = 0
configure:4859: result: yes
configure:4878: checking whether overlapping arrays are copied correctly
configure:4913: result: maybe not
configure:4920: checking the coffee machine
configure:4927: result: empty - operator may not work as expected
configure:4930: checking whether 64-bit ELF support is sufficient
configure:4932: result: yes
configure:4934: checking whether to include 64-bit support
configure:4947: result: yes
configure:4954: checking whether versioning support is sufficient
configure:4969: result: yes
configure:4971: checking whether to include versioning support
configure:4984: result: yes
configure:5007: checking whether NLS is requested
configure:5016: result: yes
configure:5024: checking for dgettext
configure:5041: /home/indal.choi/bin/android-ndk-r7/toolchains/arm-linux-androideabi-4.4.3/prebuilt/linux-x86/bin/arm-linux-androideabi-gcc -o conftest --sysroot=/home/indal.choi/bin/android-ndk-r7/platforms/android-9/arch-arm --sysroot=/home/indal.choi/bin/android-ndk-r7/platforms/android-9/arch-arm  conftest.c  >&5
conftest.c:50:21: error: libintl.h: No such file or directory
conftest.c: In function 'main':
conftest.c:54: warning: incompatible implicit declaration of built-in function 'dgettext'
configure:5041: $? = 1
configure: failed program was:
| /* confdefs.h */
| #define PACKAGE_NAME ""
| #define PACKAGE_TARNAME ""
| #define PACKAGE_VERSION ""
| #define PACKAGE_STRING ""
| #define PACKAGE_BUGREPORT ""
| #define PACKAGE_URL ""
| #define STDC_HEADERS 1
| #define HAVE_SYS_TYPES_H 1
| #define HAVE_SYS_STAT_H 1
| #define HAVE_STDLIB_H 1
| #define HAVE_STRING_H 1
| #define HAVE_MEMORY_H 1
| #define HAVE_STRINGS_H 1
| #define HAVE_INTTYPES_H 1
| #define HAVE_STDINT_H 1
| #define HAVE_UNISTD_H 1
| #define HAVE_UNISTD_H 1
| #define HAVE_STDINT_H 1
| #define HAVE_FCNTL_H 1
| #define HAVE_ELF_H 1
| #define __LIBELF_HEADER_ELF_H <elf.h>
| #define HAVE_LIBELF_H 1
| #define HAVE_GELF_H 1
| #define SIZEOF_SHORT 2
| #define SIZEOF_INT 4
| #define SIZEOF_LONG 4
| #define SIZEOF_LONG_LONG 8
| #define SIZEOF___INT64 0
| #define __libelf_i64_t long long
| #define __libelf_u64_t unsigned long long
| #define __libelf_i32_t int
| #define __libelf_u32_t unsigned int
| #define __libelf_i16_t short
| #define __libelf_u16_t unsigned short
| #define HAVE_STDLIB_H 1
| #define HAVE_UNISTD_H 1
| #define HAVE_SYS_PARAM_H 1
| #define HAVE_FTRUNCATE 1
| #define HAVE_MEMCMP 1
| #define HAVE_MEMCPY 1
| #define HAVE_MEMMOVE 1
| #define HAVE_MEMSET 1
| #define HAVE_MEMSET 1
| #define HAVE_BROKEN_MEMMOVE 1
| #define __LIBELF64 1
| #define __LIBELF_GNU_SYMBOL_VERSIONS 1
| #define __LIBELF_SYMBOL_VERSIONS 1
| /* end confdefs.h.  */
| #include <libintl.h>
| int
| main ()
| {
| char *s = dgettext("", ""); return 0
|   ;
|   return 0;
| }
configure:5050: result: no
configure:5333: checking for catgets
configure:5350: /home/indal.choi/bin/android-ndk-r7/toolchains/arm-linux-androideabi-4.4.3/prebuilt/linux-x86/bin/arm-linux-androideabi-gcc -o conftest --sysroot=/home/indal.choi/bin/android-ndk-r7/platforms/android-9/arch-arm --sysroot=/home/indal.choi/bin/android-ndk-r7/platforms/android-9/arch-arm  conftest.c  >&5
conftest.c:50:22: error: nl_types.h: No such file or directory
configure:5350: $? = 1
configure: failed program was:
| /* confdefs.h */
| #define PACKAGE_NAME ""
| #define PACKAGE_TARNAME ""
| #define PACKAGE_VERSION ""
| #define PACKAGE_STRING ""
| #define PACKAGE_BUGREPORT ""
| #define PACKAGE_URL ""
| #define STDC_HEADERS 1
| #define HAVE_SYS_TYPES_H 1
| #define HAVE_SYS_STAT_H 1
| #define HAVE_STDLIB_H 1
| #define HAVE_STRING_H 1
| #define HAVE_MEMORY_H 1
| #define HAVE_STRINGS_H 1
| #define HAVE_INTTYPES_H 1
| #define HAVE_STDINT_H 1
| #define HAVE_UNISTD_H 1
| #define HAVE_UNISTD_H 1
| #define HAVE_STDINT_H 1
| #define HAVE_FCNTL_H 1
| #define HAVE_ELF_H 1
| #define __LIBELF_HEADER_ELF_H <elf.h>
| #define HAVE_LIBELF_H 1
| #define HAVE_GELF_H 1
| #define SIZEOF_SHORT 2
| #define SIZEOF_INT 4
| #define SIZEOF_LONG 4
| #define SIZEOF_LONG_LONG 8
| #define SIZEOF___INT64 0
| #define __libelf_i64_t long long
| #define __libelf_u64_t unsigned long long
| #define __libelf_i32_t int
| #define __libelf_u32_t unsigned int
| #define __libelf_i16_t short
| #define __libelf_u16_t unsigned short
| #define HAVE_STDLIB_H 1
| #define HAVE_UNISTD_H 1
| #define HAVE_SYS_PARAM_H 1
| #define HAVE_FTRUNCATE 1
| #define HAVE_MEMCMP 1
| #define HAVE_MEMCPY 1
| #define HAVE_MEMMOVE 1
| #define HAVE_MEMSET 1
| #define HAVE_MEMSET 1
| #define HAVE_BROKEN_MEMMOVE 1
| #define __LIBELF64 1
| #define __LIBELF_GNU_SYMBOL_VERSIONS 1
| #define __LIBELF_SYMBOL_VERSIONS 1
| /* end confdefs.h.  */
| #include <nl_types.h>
| int
| main ()
| {
| catgets(catopen("",0),0,0,"");return 0;
|   ;
|   return 0;
| }
configure:5359: result: no
configure:5493: WARNING: no NLS support, disabled
configure:5525: checking for gettext in -lintl
configure:5550: /home/indal.choi/bin/android-ndk-r7/toolchains/arm-linux-androideabi-4.4.3/prebuilt/linux-x86/bin/arm-linux-androideabi-gcc -o conftest --sysroot=/home/indal.choi/bin/android-ndk-r7/platforms/android-9/arch-arm --sysroot=/home/indal.choi/bin/android-ndk-r7/platforms/android-9/arch-arm  conftest.c -lintl   >&5
conftest.c:57: warning: conflicting types for built-in function 'gettext'
/home/indal.choi/bin/android-ndk-r7/toolchains/arm-linux-androideabi-4.4.3/prebuilt/linux-x86/bin/../lib/gcc/arm-linux-androideabi/4.4.3/../../../../arm-linux-androideabi/bin/ld: cannot find -lintl
collect2: ld returned 1 exit status
configure:5550: $? = 1
configure: failed program was:
| /* confdefs.h */
| #define PACKAGE_NAME ""
| #define PACKAGE_TARNAME ""
| #define PACKAGE_VERSION ""
| #define PACKAGE_STRING ""
| #define PACKAGE_BUGREPORT ""
| #define PACKAGE_URL ""
| #define STDC_HEADERS 1
| #define HAVE_SYS_TYPES_H 1
| #define HAVE_SYS_STAT_H 1
| #define HAVE_STDLIB_H 1
| #define HAVE_STRING_H 1
| #define HAVE_MEMORY_H 1
| #define HAVE_STRINGS_H 1
| #define HAVE_INTTYPES_H 1
| #define HAVE_STDINT_H 1
| #define HAVE_UNISTD_H 1
| #define HAVE_UNISTD_H 1
| #define HAVE_STDINT_H 1
| #define HAVE_FCNTL_H 1
| #define HAVE_ELF_H 1
| #define __LIBELF_HEADER_ELF_H <elf.h>
| #define HAVE_LIBELF_H 1
| #define HAVE_GELF_H 1
| #define SIZEOF_SHORT 2
| #define SIZEOF_INT 4
| #define SIZEOF_LONG 4
| #define SIZEOF_LONG_LONG 8
| #define SIZEOF___INT64 0
| #define __libelf_i64_t long long
| #define __libelf_u64_t unsigned long long
| #define __libelf_i32_t int
| #define __libelf_u32_t unsigned int
| #define __libelf_i16_t short
| #define __libelf_u16_t unsigned short
| #define HAVE_STDLIB_H 1
| #define HAVE_UNISTD_H 1
| #define HAVE_SYS_PARAM_H 1
| #define HAVE_FTRUNCATE 1
| #define HAVE_MEMCMP 1
| #define HAVE_MEMCPY 1
| #define HAVE_MEMMOVE 1
| #define HAVE_MEMSET 1
| #define HAVE_MEMSET 1
| #define HAVE_BROKEN_MEMMOVE 1
| #define __LIBELF64 1
| #define __LIBELF_GNU_SYMBOL_VERSIONS 1
| #define __LIBELF_SYMBOL_VERSIONS 1
| /* end confdefs.h.  */
| 
| /* Override any GCC internal prototype to avoid an error.
|    Use char because int might match the return type of a GCC
|    builtin and then its argument prototype would still apply.  */
| #ifdef __cplusplus
| extern "C"
| #endif
| char gettext ();
| int
| main ()
| {
| return gettext ();
|   ;
|   return 0;
| }
configure:5559: result: no
configure:5571: checking build system type
configure:5585: result: x86_64-unknown-linux-gnu
configure:5605: checking host system type
configure:5618: result: armv7-unknown-linux-gnu
configure:5647: checking whether to build a shared library
configure:5656: result: yes
configure:5659: checking whether GNU naming conventions are requested
configure:5668: result: no
configure:5674: checking for ld
configure:5705: result: /home/indal.choi/bin/android-ndk-r7/toolchains/arm-linux-androideabi-4.4.3/prebuilt/linux-x86/bin/arm-linux-androideabi-ld
configure:5996: creating ./config.status

## ---------------------- ##
## Running config.status. ##
## ---------------------- ##

This file was extended by config.status, which was
generated by GNU Autoconf 2.67.  Invocation command line was

  CONFIG_FILES    = 
  CONFIG_HEADERS  = 
  CONFIG_LINKS    = 
  CONFIG_COMMANDS = 
  $ ./config.status 

on indal-pc

config.status:890: creating Makefile
config.status:890: creating lib/Makefile
config.status:890: creating po/Makefile
config.status:993: WARNING:  'po/Makefile.in' seems to ignore the --datarootdir setting
config.status:890: creating libelf.pc
config.status:890: creating config.h
config.status:1064: config.h is unchanged
config.status:890: creating lib/sys_elf.h
config.status:1064: lib/sys_elf.h is unchanged
config.status:1078: executing default commands

## ---------------- ##
## Cache variables. ##
## ---------------- ##

ac_cv_build=x86_64-unknown-linux-gnu
ac_cv_c_compiler_gnu=yes
ac_cv_c_const=yes
ac_cv_env_CC_set=set
ac_cv_env_CC_value=/home/indal.choi/bin/android-ndk-r7/toolchains/arm-linux-androideabi-4.4.3/prebuilt/linux-x86/bin/arm-linux-androideabi-gcc
ac_cv_env_CFLAGS_set=set
ac_cv_env_CFLAGS_value=--sysroot=/home/indal.choi/bin/android-ndk-r7/platforms/android-9/arch-arm
ac_cv_env_CPPFLAGS_set=set
ac_cv_env_CPPFLAGS_value=--sysroot=/home/indal.choi/bin/android-ndk-r7/platforms/android-9/arch-arm
ac_cv_env_CPP_set=
ac_cv_env_CPP_value=
ac_cv_env_LDFLAGS_set=set
ac_cv_env_LDFLAGS_value=
ac_cv_env_LIBS_set=
ac_cv_env_LIBS_value=
ac_cv_env_build_alias_set=
ac_cv_env_build_alias_value=
ac_cv_env_host_alias_set=set
ac_cv_env_host_alias_value=armv7-unknown-linux
ac_cv_env_target_alias_set=
ac_cv_env_target_alias_value=
ac_cv_func_ftruncate=yes
ac_cv_func_getpagesize=no
ac_cv_func_memcmp=yes
ac_cv_func_memcpy=yes
ac_cv_func_memmove=yes
ac_cv_func_memset=yes
ac_cv_func_mmap_fixed_mapped=no
ac_cv_header_ar_h=no
ac_cv_header_elf_h=yes
ac_cv_header_fcntl_h=yes
ac_cv_header_gelf_h=yes
ac_cv_header_inttypes_h=yes
ac_cv_header_libelf_h=yes
ac_cv_header_link_h=no
ac_cv_header_memory_h=yes
ac_cv_header_nlist_h=no
ac_cv_header_stdc=yes
ac_cv_header_stdint_h=yes
ac_cv_header_stdlib_h=yes
ac_cv_header_string_h=yes
ac_cv_header_strings_h=yes
ac_cv_header_sys_elf_h=no
ac_cv_header_sys_link_h=no
ac_cv_header_sys_param_h=yes
ac_cv_header_sys_stat_h=yes
ac_cv_header_sys_types_h=yes
ac_cv_header_unistd_h=yes
ac_cv_host=armv7-unknown-linux-gnu
ac_cv_lib_intl_gettext=no
ac_cv_objext=o
ac_cv_path_EGREP='/bin/grep -E'
ac_cv_path_GREP=/bin/grep
ac_cv_path_LD=/home/indal.choi/bin/android-ndk-r7/toolchains/arm-linux-androideabi-4.4.3/prebuilt/linux-x86/bin/arm-linux-androideabi-ld
ac_cv_path_install='/usr/bin/install -c'
ac_cv_prog_CC=/home/indal.choi/bin/android-ndk-r7/toolchains/arm-linux-androideabi-4.4.3/prebuilt/linux-x86/bin/arm-linux-androideabi-gcc
ac_cv_prog_CPP='/home/indal.choi/bin/android-ndk-r7/toolchains/arm-linux-androideabi-4.4.3/prebuilt/linux-x86/bin/arm-linux-androideabi-gcc -E'
ac_cv_prog_ac_ct_RANLIB=ranlib
ac_cv_prog_cc_c89=
ac_cv_prog_cc_g=yes
ac_cv_prog_make_make_set=yes
ac_cv_sizeof___int64=0
ac_cv_sizeof_int=4
ac_cv_sizeof_long=4
ac_cv_sizeof_long_long=8
ac_cv_sizeof_short=2
ac_cv_type_off_t=yes
ac_cv_type_size_t=yes
libelf_cv_elf_h_works=yes
libelf_cv_gnu_verdef=yes
libelf_cv_int16=short
libelf_cv_int32=int
libelf_cv_int64='long long'
libelf_cv_struct_elf32_dyn=yes
libelf_cv_struct_elf64_ehdr=yes
libelf_cv_struct_elf64_rel=yes
libelf_cv_struct_nlist=no
libelf_cv_sun_verdef=no
libelf_cv_type_elf64_addr=yes
libelf_cv_verdef32=yes
libelf_cv_verdef64=yes
libelf_cv_working_memmove='maybe not'
mr_cv_coffee_machine='empty - operator may not work as expected'
mr_cv_func_catgets=no
mr_cv_func_dgettext=no
mr_cv_target_elf=yes

## ----------------- ##
## Output variables. ##
## ----------------- ##

CATALOGS=''
CATOBJEXT=''
CC='/home/indal.choi/bin/android-ndk-r7/toolchains/arm-linux-androideabi-4.4.3/prebuilt/linux-x86/bin/arm-linux-androideabi-gcc'
CFLAGS='--sysroot=/home/indal.choi/bin/android-ndk-r7/platforms/android-9/arch-arm'
CPP='/home/indal.choi/bin/android-ndk-r7/toolchains/arm-linux-androideabi-4.4.3/prebuilt/linux-x86/bin/arm-linux-androideabi-gcc -E'
CPPFLAGS='--sysroot=/home/indal.choi/bin/android-ndk-r7/platforms/android-9/arch-arm'
DEFS='-DHAVE_CONFIG_H'
DEPSHLIBS=''
DO_COMPAT='yes'
DO_SHLIB='yes'
ECHO_C=''
ECHO_N='-n'
ECHO_T=''
EGREP='/bin/grep -E'
EXEEXT=''
GENCAT=''
GMOFILES=' de.gmo'
GMSGFMT=''
GREP='/bin/grep'
INSTALL_DATA='${INSTALL} -m 644'
INSTALL_PROGRAM='${INSTALL}'
INSTALL_SCRIPT='${INSTALL}'
INSTALL_SHLIB='$(INSTALL_PROGRAM)'
INSTOBJEXT=''
LD='/home/indal.choi/bin/android-ndk-r7/toolchains/arm-linux-androideabi-4.4.3/prebuilt/linux-x86/bin/arm-linux-androideabi-ld'
LDFLAGS=''
LIBINTL=''
LIBOBJS=''
LIBS=''
LINK_SHLIB='$(CC) -shared -Wl,-soname,$(SONAME)'
LN_S='ln -s'
LTLIBOBJS=''
MAINT='maintainer-only-'
MAJOR='0'
MSGFILES=' de.msg'
MSGFMT=''
MSGMERGE=''
OBJEXT='o'
PACKAGE='libelf'
PACKAGE_BUGREPORT=''
PACKAGE_NAME=''
PACKAGE_STRING=''
PACKAGE_TARNAME=''
PACKAGE_URL=''
PACKAGE_VERSION=''
PATH_SEPARATOR=':'
PICFLAGS='-fPIC -DPIC'
POFILES=' de.po'
POSUB=''
RANLIB='ranlib'
SET_MAKE=''
SHELL='/bin/bash'
SHLIB_SFX='.so.$(VERSION)'
SHLINK_SFX='.so'
SONAME_SFX='.so.$(MAJOR)'
VERSION='0.8.13'
XGETTEXT=''
ac_ct_CC=''
bindir='${exec_prefix}/bin'
build='x86_64-unknown-linux-gnu'
build_alias=''
build_cpu='x86_64'
build_os='linux-gnu'
build_vendor='unknown'
datadir='${datarootdir}'
datarootdir='${prefix}/share'
docdir='${datarootdir}/doc/${PACKAGE}'
dvidir='${docdir}'
exec_prefix='${prefix}'
host='armv7-unknown-linux-gnu'
host_alias='armv7-unknown-linux'
host_cpu='armv7'
host_os='linux-gnu'
host_vendor='unknown'
htmldir='${docdir}'
includedir='${prefix}/include'
infodir='${datarootdir}/info'
libdir='${exec_prefix}/lib'
libexecdir='${exec_prefix}/libexec'
localedir=''
localstatedir='${prefix}/var'
mandir='${datarootdir}/man'
oldincludedir='/usr/include'
pdfdir='${docdir}'
prefix='/usr/local'
program_transform_name='s,x,x,'
psdir='${docdir}'
sbindir='${exec_prefix}/sbin'
sharedstatedir='${prefix}/com'
sysconfdir='${prefix}/etc'
target_alias=''

## ----------- ##
## confdefs.h. ##
## ----------- ##

/* confdefs.h */
#define PACKAGE_NAME ""
#define PACKAGE_TARNAME ""
#define PACKAGE_VERSION ""
#define PACKAGE_STRING ""
#define PACKAGE_BUGREPORT ""
#define PACKAGE_URL ""
#define STDC_HEADERS 1
#define HAVE_SYS_TYPES_H 1
#define HAVE_SYS_STAT_H 1
#define HAVE_STDLIB_H 1
#define HAVE_STRING_H 1
#define HAVE_MEMORY_H 1
#define HAVE_STRINGS_H 1
#define HAVE_INTTYPES_H 1
#define HAVE_STDINT_H 1
#define HAVE_UNISTD_H 1
#define HAVE_UNISTD_H 1
#define HAVE_STDINT_H 1
#define HAVE_FCNTL_H 1
#define HAVE_ELF_H 1
#define __LIBELF_HEADER_ELF_H <elf.h>
#define HAVE_LIBELF_H 1
#define HAVE_GELF_H 1
#define SIZEOF_SHORT 2
#define SIZEOF_INT 4
#define SIZEOF_LONG 4
#define SIZEOF_LONG_LONG 8
#define SIZEOF___INT64 0
#define __libelf_i64_t long long
#define __libelf_u64_t unsigned long long
#define __libelf_i32_t int
#define __libelf_u32_t unsigned int
#define __libelf_i16_t short
#define __libelf_u16_t unsigned short
#define HAVE_STDLIB_H 1
#define HAVE_UNISTD_H 1
#define HAVE_SYS_PARAM_H 1
#define HAVE_FTRUNCATE 1
#define HAVE_MEMCMP 1
#define HAVE_MEMCPY 1
#define HAVE_MEMMOVE 1
#define HAVE_MEMSET 1
#define HAVE_MEMSET 1
#define HAVE_BROKEN_MEMMOVE 1
#define __LIBELF64 1
#define __LIBELF_GNU_SYMBOL_VERSIONS 1
#define __LIBELF_SYMBOL_VERSIONS 1
#define ENABLE_SANITY_CHECKS 1

configure: exit 0
